#
# There is insufficient memory for the Java Runtime Environment to continue.
# Native memory allocation (malloc) failed to allocate 944976 bytes for Chunk::new
# Possible reasons:
#   The system is out of physical RAM or swap space
#   The process is running with CompressedOops enabled, and the Java Heap may be blocking the growth of the native heap
# Possible solutions:
#   Reduce memory load on the system
#   Increase physical memory or swap space
#   Check if swap backing store is full
#   Decrease Java heap size (-Xmx/-Xms)
#   Decrease number of Java threads
#   Decrease Java thread stack sizes (-Xss)
#   Set larger code cache with -XX:ReservedCodeCacheSize=
#   JVM is running with Zero Based Compressed Oops mode in which the Java heap is
#     placed in the first 32GB address space. The Java Heap base address is the
#     maximum limit for the native heap growth. Please use -XX:HeapBaseMinAddress
#     to set the Java Heap base and to place the Java Heap above 32GB virtual address.
# This output file may be truncated or incomplete.
#
#  Out of Memory Error (arena.cpp:184), pid=6128, tid=10124
#
# JRE version: Java(TM) SE Runtime Environment (20.0.2+9) (build 20.0.2+9-78)
# Java VM: Java HotSpot(TM) 64-Bit Server VM (20.0.2+9-78, mixed mode, sharing, tiered, compressed oops, compressed class ptrs, g1 gc, windows-amd64)
# No core dump will be written. Minidumps are not enabled by default on client versions of Windows
#

---------------  S U M M A R Y ------------

Command Line: -ea -javaagent:C:\Users\User\.m2\repository/org/aspectj/aspectjweaver/1.9.19/aspectjweaver-1.9.19.jar -Didea.test.cyclic.buffer.size=1048576 -javaagent:C:\Users\User\IntelliJ IDEA Community Edition 2023.2\lib\idea_rt.jar=65076:C:\Users\User\IntelliJ IDEA Community Edition 2023.2\bin -Dfile.encoding=UTF-8 -Dsun.stdout.encoding=UTF-8 -Dsun.stderr.encoding=UTF-8 com.intellij.rt.testng.RemoteTestNGStarter -usedefaultlisteners false -socket65075 @w@C:\Users\User\AppData\Local\Temp\idea_working_dirs_testng.tmp -temp C:\Users\User\AppData\Local\Temp\idea_testng.tmp

Host: Intel(R) Core(TM) i5-6600 CPU @ 3.30GHz, 4 cores, 15G,  Windows 10 , 64 bit Build 19041 (10.0.19041.3393)
Time: Thu Sep 21 20:26:11 2023  Windows 10 , 64 bit Build 19041 (10.0.19041.3393) elapsed time: 10.128221 seconds (0d 0h 0m 10s)

---------------  T H R E A D  ---------------

Current thread (0x0000012c4a4a9010):  JavaThread "C2 CompilerThread1" daemon [_thread_in_native, id=10124, stack(0x0000000a90500000,0x0000000a90600000)]


Current CompileTask:
C2:  10128 3998       4       org.aspectj.apache.bcel.generic.Type::getType (237 bytes)

Stack: [0x0000000a90500000,0x0000000a90600000]
Native frames: (J=compiled Java code, j=interpreted, Vv=VM code, C=native code)
V  [jvm.dll+0x6bc25a]
V  [jvm.dll+0x84971a]
V  [jvm.dll+0x84b315]
V  [jvm.dll+0x84ba13]
V  [jvm.dll+0x280e4f]
V  [jvm.dll+0xc2ab1]
V  [jvm.dll+0xc2dd5]
V  [jvm.dll+0x3bb612]
V  [jvm.dll+0x385b75]
V  [jvm.dll+0x384fea]
V  [jvm.dll+0x24b529]
V  [jvm.dll+0x24a921]
V  [jvm.dll+0x1ce761]
V  [jvm.dll+0x25a0eb]
V  [jvm.dll+0x2587c0]
V  [jvm.dll+0x3f2dd5]
V  [jvm.dll+0x7f5c76]
V  [jvm.dll+0x6baecb]
C  [ucrtbase.dll+0x21bb2]
C  [KERNEL32.DLL+0x17344]
C  [ntdll.dll+0x526b1]


---------------  P R O C E S S  ---------------

Threads class SMR info:
_java_thread_list=0x0000012c4a31d910, length=24, elements={
0x0000012c6299c3e0, 0x0000012c7f691750, 0x0000012c7f692090, 0x0000012c7f694810,
0x0000012c7f695150, 0x0000012c7f695a90, 0x0000012c7f6963d0, 0x0000012c7f699050,
0x0000012c7f6ae500, 0x0000012c7f9953b0, 0x0000012c48197ed0, 0x0000012c47ec6dd0,
0x0000012c4a313a30, 0x0000012c4a311fa0, 0x0000012c4a310fb0, 0x0000012c4a313f80,
0x0000012c4a310a60, 0x0000012c4a312a40, 0x0000012c4a312f90, 0x0000012c4a311a50,
0x0000012c4a3134e0, 0x0000012c4a390130, 0x0000012c4a391120, 0x0000012c4a4a9010
}

Java Threads: ( => current thread )
  0x0000012c6299c3e0 JavaThread "main" [_thread_in_Java, id=18716, stack(0x0000000a8f500000,0x0000000a8f600000)]
  0x0000012c7f691750 JavaThread "Reference Handler" daemon [_thread_blocked, id=17812, stack(0x0000000a8fc00000,0x0000000a8fd00000)]
  0x0000012c7f692090 JavaThread "Finalizer" daemon [_thread_blocked, id=17288, stack(0x0000000a8fd00000,0x0000000a8fe00000)]
  0x0000012c7f694810 JavaThread "Signal Dispatcher" daemon [_thread_blocked, id=1152, stack(0x0000000a8fe00000,0x0000000a8ff00000)]
  0x0000012c7f695150 JavaThread "Attach Listener" daemon [_thread_blocked, id=19436, stack(0x0000000a8ff00000,0x0000000a90000000)]
  0x0000012c7f695a90 JavaThread "Service Thread" daemon [_thread_blocked, id=7620, stack(0x0000000a90000000,0x0000000a90100000)]
  0x0000012c7f6963d0 JavaThread "Monitor Deflation Thread" daemon [_thread_blocked, id=6584, stack(0x0000000a90100000,0x0000000a90200000)]
  0x0000012c7f699050 JavaThread "C2 CompilerThread0" daemon [_thread_in_native, id=10460, stack(0x0000000a90200000,0x0000000a90300000)]
  0x0000012c7f6ae500 JavaThread "C1 CompilerThread0" daemon [_thread_blocked, id=16492, stack(0x0000000a90300000,0x0000000a90400000)]
  0x0000012c7f9953b0 JavaThread "Common-Cleaner" daemon [_thread_blocked, id=3068, stack(0x0000000a90400000,0x0000000a90500000)]
  0x0000012c48197ed0 JavaThread "Monitor Ctrl-Break" daemon [_thread_in_native, id=23912, stack(0x0000000a90900000,0x0000000a90a00000)]
  0x0000012c47ec6dd0 JavaThread "Notification Thread" daemon [_thread_blocked, id=16736, stack(0x0000000a90a00000,0x0000000a90b00000)]
  0x0000012c4a313a30 JavaThread "ForkJoinPool.commonPool-worker-1" daemon [_thread_blocked, id=24280, stack(0x0000000a90c00000,0x0000000a90d00000)]
  0x0000012c4a311fa0 JavaThread "AsyncHttpClient-1-1" daemon [_thread_blocked, id=4340, stack(0x0000000a90d00000,0x0000000a90e00000)]
  0x0000012c4a310fb0 JavaThread "Exec Default Executor" daemon [_thread_in_native, id=9736, stack(0x0000000a90e00000,0x0000000a90f00000)]
  0x0000012c4a313f80 JavaThread "Exec Stream Pumper" daemon [_thread_in_native, id=12492, stack(0x0000000a90f00000,0x0000000a91000000)]
  0x0000012c4a310a60 JavaThread "Exec Stream Pumper" daemon [_thread_in_native, id=2608, stack(0x0000000a91000000,0x0000000a91100000)]
  0x0000012c4a312a40 JavaThread "Driver Service Executor" daemon [_thread_blocked, id=17048, stack(0x0000000a91100000,0x0000000a91200000)]
  0x0000012c4a312f90 JavaThread "Driver Service Executor" daemon [_thread_blocked, id=13636, stack(0x0000000a91200000,0x0000000a91300000)]
  0x0000012c4a311a50 JavaThread "UrlChecker-2" daemon [_thread_blocked, id=12176, stack(0x0000000a91300000,0x0000000a91400000)]
  0x0000012c4a3134e0 JavaThread "AsyncHttpClient-1-2" daemon [_thread_in_native, id=5788, stack(0x0000000a91600000,0x0000000a91700000)]
  0x0000012c4a390130 JavaThread "AsyncHttpClient-1-3" daemon [_thread_in_native, id=21184, stack(0x0000000a91700000,0x0000000a91800000)]
  0x0000012c4a391120 JavaThread "AsyncHttpClient-1-4" daemon [_thread_in_native, id=24240, stack(0x0000000a91800000,0x0000000a91900000)]
=>0x0000012c4a4a9010 JavaThread "C2 CompilerThread1" daemon [_thread_in_native, id=10124, stack(0x0000000a90500000,0x0000000a90600000)]

Other Threads:
  0x0000012c7f670ad0 VMThread "VM Thread" [stack: 0x0000000a8fb00000,0x0000000a8fc00000] [id=12500]
  0x0000012c481993b0 WatcherThread "VM Periodic Task Thread" [stack: 0x0000000a90b00000,0x0000000a90c00000] [id=8064]
  0x0000012c62a0a660 WorkerThread "GC Thread#0" [stack: 0x0000000a8f600000,0x0000000a8f700000] [id=2456]
  0x0000012c47074ce0 WorkerThread "GC Thread#1" [stack: 0x0000000a90600000,0x0000000a90700000] [id=11676]
  0x0000012c7fb4e560 WorkerThread "GC Thread#2" [stack: 0x0000000a90700000,0x0000000a90800000] [id=23688]
  0x0000012c477d9b20 WorkerThread "GC Thread#3" [stack: 0x0000000a90800000,0x0000000a90900000] [id=10020]
  0x0000012c62a1b320 ConcurrentGCThread "G1 Main Marker" [stack: 0x0000000a8f700000,0x0000000a8f800000] [id=23368]
  0x0000012c62a1c300 WorkerThread "G1 Conc#0" [stack: 0x0000000a8f800000,0x0000000a8f900000] [id=6420]
  0x0000012c62a3ebf0 ConcurrentGCThread "G1 Refine#0" [stack: 0x0000000a8f900000,0x0000000a8fa00000] [id=6328]
  0x0000012c7f52dee0 ConcurrentGCThread "G1 Service" [stack: 0x0000000a8fa00000,0x0000000a8fb00000] [id=21120]

Threads with active compile tasks:
C2 CompilerThread0    10169 4004       4       org.aspectj.util.GenericSignatureParser::parseClassTypeSignature (291 bytes)
C2 CompilerThread1    10169 3998       4       org.aspectj.apache.bcel.generic.Type::getType (237 bytes)

VM state: not at safepoint (normal execution)

VM Mutex/Monitor currently owned by a thread: None

Heap address: 0x0000000702000000, size: 4064 MB, Compressed Oops mode: Zero based, Oop shift amount: 3

CDS archive(s) mapped at: [0x0000012c02000000-0x0000012c02c60000-0x0000012c02c60000), size 12976128, SharedBaseAddress: 0x0000012c02000000, ArchiveRelocationMode: 1.
Compressed class space mapped at: 0x0000012c03000000-0x0000012c43000000, reserved size: 1073741824
Narrow klass base: 0x0000012c02000000, Narrow klass shift: 0, Narrow klass range: 0x100000000

GC Precious Log:
 CardTable entry size: 512
 Card Set container configuration: InlinePtr #cards 4 size 8 Array Of Cards #cards 16 size 48 Howl #buckets 8 coarsen threshold 3686 Howl Bitmap #cards 512 size 80 coarsen threshold 460 Card regions per heap region 1 cards per card region 4096
 CPUs: 4 total, 4 available
 Memory: 16249M
 Large Page Support: Disabled
 NUMA Support: Disabled
 Compressed Oops: Enabled (Zero based)
 Heap Region Size: 2M
 Heap Min Capacity: 8M
 Heap Initial Capacity: 254M
 Heap Max Capacity: 4064M
 Pre-touch: Disabled
 Parallel Workers: 4
 Concurrent Workers: 1
 Concurrent Refinement Workers: 4
 Periodic GC: Disabled

Heap:
 garbage-first heap   total 143360K, used 100837K [0x0000000702000000, 0x0000000800000000)
  region size 2048K, 24 young (49152K), 4 survivors (8192K)
 Metaspace       used 34437K, committed 34752K, reserved 1114112K
  class space    used 3823K, committed 3968K, reserved 1048576K

Heap Regions: E=young(eden), S=young(survivor), O=old, HS=humongous(starts), HC=humongous(continues), CS=collection set, F=free, OA=open archive, CA=closed archive, TAMS=top-at-mark-start, PB=parsable bottom
|   0|0x0000000702000000, 0x0000000702000000, 0x0000000702200000|  0%| F|  |TAMS 0x0000000702000000| PB 0x0000000702000000| Untracked 
|   1|0x0000000702200000, 0x0000000702400000, 0x0000000702400000|100%| O|  |TAMS 0x0000000702200000| PB 0x0000000702200000| Untracked 
|   2|0x0000000702400000, 0x0000000702600000, 0x0000000702600000|100%| O|  |TAMS 0x0000000702400000| PB 0x0000000702400000| Untracked 
|   3|0x0000000702600000, 0x0000000702800000, 0x0000000702800000|100%| O|  |TAMS 0x0000000702600000| PB 0x0000000702600000| Untracked 
|   4|0x0000000702800000, 0x0000000702a00000, 0x0000000702a00000|100%| O|  |TAMS 0x0000000702800000| PB 0x0000000702800000| Untracked 
|   5|0x0000000702a00000, 0x0000000702c00000, 0x0000000702c00000|100%| O|  |TAMS 0x0000000702a00000| PB 0x0000000702a00000| Untracked 
|   6|0x0000000702c00000, 0x0000000702e00000, 0x0000000702e00000|100%| O|  |TAMS 0x0000000702c00000| PB 0x0000000702c00000| Untracked 
|   7|0x0000000702e00000, 0x0000000703000000, 0x0000000703000000|100%| O|  |TAMS 0x0000000702e00000| PB 0x0000000702e00000| Untracked 
|   8|0x0000000703000000, 0x0000000703200000, 0x0000000703200000|100%| O|  |TAMS 0x0000000703000000| PB 0x0000000703000000| Untracked 
|   9|0x0000000703200000, 0x0000000703400000, 0x0000000703400000|100%| O|  |TAMS 0x0000000703200000| PB 0x0000000703200000| Untracked 
|  10|0x0000000703400000, 0x0000000703600000, 0x0000000703600000|100%| O|  |TAMS 0x0000000703400000| PB 0x0000000703400000| Untracked 
|  11|0x0000000703600000, 0x0000000703800000, 0x0000000703800000|100%| O|  |TAMS 0x0000000703600000| PB 0x0000000703600000| Untracked 
|  12|0x0000000703800000, 0x0000000703a00000, 0x0000000703a00000|100%| O|  |TAMS 0x0000000703800000| PB 0x0000000703800000| Untracked 
|  13|0x0000000703a00000, 0x0000000703c00000, 0x0000000703c00000|100%| O|  |TAMS 0x0000000703a00000| PB 0x0000000703a00000| Untracked 
|  14|0x0000000703c00000, 0x0000000703e00000, 0x0000000703e00000|100%| O|  |TAMS 0x0000000703c00000| PB 0x0000000703c00000| Untracked 
|  15|0x0000000703e00000, 0x0000000703ff1400, 0x0000000704000000| 97%| O|  |TAMS 0x0000000703e00000| PB 0x0000000703e00000| Untracked 
|  16|0x0000000704000000, 0x0000000704200000, 0x0000000704200000|100%| O|  |TAMS 0x0000000704000000| PB 0x0000000704000000| Untracked 
|  17|0x0000000704200000, 0x0000000704400000, 0x0000000704400000|100%| O|  |TAMS 0x0000000704200000| PB 0x0000000704200000| Untracked 
|  18|0x0000000704400000, 0x0000000704600000, 0x0000000704600000|100%| O|  |TAMS 0x0000000704400000| PB 0x0000000704400000| Untracked 
|  19|0x0000000704600000, 0x0000000704800000, 0x0000000704800000|100%| O|  |TAMS 0x0000000704600000| PB 0x0000000704600000| Untracked 
|  20|0x0000000704800000, 0x0000000704a00000, 0x0000000704a00000|100%|HS|  |TAMS 0x0000000704800000| PB 0x0000000704800000| Complete 
|  21|0x0000000704a00000, 0x0000000704c00000, 0x0000000704c00000|100%|HC|  |TAMS 0x0000000704a00000| PB 0x0000000704a00000| Complete 
|  22|0x0000000704c00000, 0x0000000704e00000, 0x0000000704e00000|100%|HC|  |TAMS 0x0000000704c00000| PB 0x0000000704c00000| Complete 
|  23|0x0000000704e00000, 0x0000000704e00000, 0x0000000705000000|  0%| F|  |TAMS 0x0000000704e00000| PB 0x0000000704e00000| Untracked 
|  24|0x0000000705000000, 0x0000000705000000, 0x0000000705200000|  0%| F|  |TAMS 0x0000000705000000| PB 0x0000000705000000| Untracked 
|  25|0x0000000705200000, 0x0000000705200000, 0x0000000705400000|  0%| F|  |TAMS 0x0000000705200000| PB 0x0000000705200000| Untracked 
|  26|0x0000000705400000, 0x0000000705400000, 0x0000000705600000|  0%| F|  |TAMS 0x0000000705400000| PB 0x0000000705400000| Untracked 
|  27|0x0000000705600000, 0x0000000705600000, 0x0000000705800000|  0%| F|  |TAMS 0x0000000705600000| PB 0x0000000705600000| Untracked 
|  28|0x0000000705800000, 0x0000000705a00000, 0x0000000705a00000|100%| O|  |TAMS 0x0000000705800000| PB 0x0000000705800000| Untracked 
|  29|0x0000000705a00000, 0x0000000705c00000, 0x0000000705c00000|100%| O|  |TAMS 0x0000000705a00000| PB 0x0000000705a00000| Untracked 
|  30|0x0000000705c00000, 0x0000000705e00000, 0x0000000705e00000|100%| O|  |TAMS 0x0000000705c00000| PB 0x0000000705c00000| Untracked 
|  31|0x0000000705e00000, 0x0000000706000000, 0x0000000706000000|100%| O|  |TAMS 0x0000000705e00000| PB 0x0000000705e00000| Untracked 
|  32|0x0000000706000000, 0x0000000706200000, 0x0000000706200000|100%| O|  |TAMS 0x0000000706000000| PB 0x0000000706000000| Untracked 
|  33|0x0000000706200000, 0x0000000706200000, 0x0000000706400000|  0%| F|  |TAMS 0x0000000706200000| PB 0x0000000706200000| Untracked 
|  34|0x0000000706400000, 0x00000007064881d0, 0x0000000706600000| 26%| S|CS|TAMS 0x0000000706400000| PB 0x0000000706400000| Complete 
|  35|0x0000000706600000, 0x0000000706800000, 0x0000000706800000|100%| S|CS|TAMS 0x0000000706600000| PB 0x0000000706600000| Complete 
|  36|0x0000000706800000, 0x0000000706a00000, 0x0000000706a00000|100%| S|CS|TAMS 0x0000000706800000| PB 0x0000000706800000| Complete 
|  37|0x0000000706a00000, 0x0000000706c00000, 0x0000000706c00000|100%| S|CS|TAMS 0x0000000706a00000| PB 0x0000000706a00000| Complete 
|  38|0x0000000706c00000, 0x0000000706c00000, 0x0000000706e00000|  0%| F|  |TAMS 0x0000000706c00000| PB 0x0000000706c00000| Untracked 
|  39|0x0000000706e00000, 0x0000000706e00000, 0x0000000707000000|  0%| F|  |TAMS 0x0000000706e00000| PB 0x0000000706e00000| Untracked 
|  40|0x0000000707000000, 0x0000000707000000, 0x0000000707200000|  0%| F|  |TAMS 0x0000000707000000| PB 0x0000000707000000| Untracked 
|  41|0x0000000707200000, 0x0000000707200000, 0x0000000707400000|  0%| F|  |TAMS 0x0000000707200000| PB 0x0000000707200000| Untracked 
|  42|0x0000000707400000, 0x0000000707400000, 0x0000000707600000|  0%| F|  |TAMS 0x0000000707400000| PB 0x0000000707400000| Untracked 
|  43|0x0000000707600000, 0x0000000707600000, 0x0000000707800000|  0%| F|  |TAMS 0x0000000707600000| PB 0x0000000707600000| Untracked 
|  44|0x0000000707800000, 0x0000000707800000, 0x0000000707a00000|  0%| F|  |TAMS 0x0000000707800000| PB 0x0000000707800000| Untracked 
|  45|0x0000000707a00000, 0x0000000707a00000, 0x0000000707c00000|  0%| F|  |TAMS 0x0000000707a00000| PB 0x0000000707a00000| Untracked 
|  46|0x0000000707c00000, 0x0000000707c00000, 0x0000000707e00000|  0%| F|  |TAMS 0x0000000707c00000| PB 0x0000000707c00000| Untracked 
|  47|0x0000000707e00000, 0x0000000707e00000, 0x0000000708000000|  0%| F|  |TAMS 0x0000000707e00000| PB 0x0000000707e00000| Untracked 
|  48|0x0000000708000000, 0x0000000708000000, 0x0000000708200000|  0%| F|  |TAMS 0x0000000708000000| PB 0x0000000708000000| Untracked 
|  49|0x0000000708200000, 0x0000000708200000, 0x0000000708400000|  0%| F|  |TAMS 0x0000000708200000| PB 0x0000000708200000| Untracked 
|  50|0x0000000708400000, 0x0000000708600000, 0x0000000708600000|100%| E|  |TAMS 0x0000000708400000| PB 0x0000000708400000| Complete 
|  51|0x0000000708600000, 0x0000000708800000, 0x0000000708800000|100%| E|CS|TAMS 0x0000000708600000| PB 0x0000000708600000| Complete 
|  52|0x0000000708800000, 0x0000000708a00000, 0x0000000708a00000|100%| E|CS|TAMS 0x0000000708800000| PB 0x0000000708800000| Complete 
|  53|0x0000000708a00000, 0x0000000708c00000, 0x0000000708c00000|100%| E|CS|TAMS 0x0000000708a00000| PB 0x0000000708a00000| Complete 
|  54|0x0000000708c00000, 0x0000000708e00000, 0x0000000708e00000|100%| E|CS|TAMS 0x0000000708c00000| PB 0x0000000708c00000| Complete 
|  55|0x0000000708e00000, 0x0000000709000000, 0x0000000709000000|100%| E|CS|TAMS 0x0000000708e00000| PB 0x0000000708e00000| Complete 
|  56|0x0000000709000000, 0x0000000709200000, 0x0000000709200000|100%| E|CS|TAMS 0x0000000709000000| PB 0x0000000709000000| Complete 
|  57|0x0000000709200000, 0x0000000709400000, 0x0000000709400000|100%| E|CS|TAMS 0x0000000709200000| PB 0x0000000709200000| Complete 
|  58|0x0000000709400000, 0x0000000709600000, 0x0000000709600000|100%| E|CS|TAMS 0x0000000709400000| PB 0x0000000709400000| Complete 
|  59|0x0000000709600000, 0x0000000709800000, 0x0000000709800000|100%| E|CS|TAMS 0x0000000709600000| PB 0x0000000709600000| Complete 
|  60|0x0000000709800000, 0x0000000709a00000, 0x0000000709a00000|100%| E|CS|TAMS 0x0000000709800000| PB 0x0000000709800000| Complete 
|  61|0x0000000709a00000, 0x0000000709c00000, 0x0000000709c00000|100%| E|CS|TAMS 0x0000000709a00000| PB 0x0000000709a00000| Complete 
|  62|0x0000000709c00000, 0x0000000709e00000, 0x0000000709e00000|100%| E|CS|TAMS 0x0000000709c00000| PB 0x0000000709c00000| Complete 
|  63|0x0000000709e00000, 0x000000070a000000, 0x000000070a000000|100%| E|CS|TAMS 0x0000000709e00000| PB 0x0000000709e00000| Complete 
|  64|0x000000070a000000, 0x000000070a200000, 0x000000070a200000|100%| E|CS|TAMS 0x000000070a000000| PB 0x000000070a000000| Complete 
|  93|0x000000070da00000, 0x000000070dc00000, 0x000000070dc00000|100%| E|CS|TAMS 0x000000070da00000| PB 0x000000070da00000| Complete 
|  94|0x000000070dc00000, 0x000000070de00000, 0x000000070de00000|100%| E|CS|TAMS 0x000000070dc00000| PB 0x000000070dc00000| Complete 
|  95|0x000000070de00000, 0x000000070e000000, 0x000000070e000000|100%| E|CS|TAMS 0x000000070de00000| PB 0x000000070de00000| Complete 
|  96|0x000000070e000000, 0x000000070e200000, 0x000000070e200000|100%| E|CS|TAMS 0x000000070e000000| PB 0x000000070e000000| Complete 
| 126|0x0000000711c00000, 0x0000000711e00000, 0x0000000711e00000|100%| E|CS|TAMS 0x0000000711c00000| PB 0x0000000711c00000| Complete 

Card table byte_map: [0x0000012c7a240000,0x0000012c7aa30000] _byte_map_base: 0x0000012c76a30000

Marking Bits: (CMBitMap*) 0x0000012c62a0aaa0
 Bits: [0x0000012c7b220000, 0x0000012c7f1a0000)

Polling page: 0x0000012c60960000

Metaspace:

Usage:
  Non-class:     29.91 MB used.
      Class:      3.74 MB used.
       Both:     33.65 MB used.

Virtual space:
  Non-class space:       64.00 MB reserved,      30.12 MB ( 47%) committed,  1 nodes.
      Class space:        1.00 GB reserved,       3.88 MB ( <1%) committed,  1 nodes.
             Both:        1.06 GB reserved,      34.00 MB (  3%) committed. 

Chunk freelists:
   Non-Class:  1.17 MB
       Class:  16.00 KB
        Both:  1.19 MB

MaxMetaspaceSize: unlimited
CompressedClassSpaceSize: 1.00 GB
Initial GC threshold: 21.00 MB
Current GC threshold: 35.31 MB
CDS: on
MetaspaceReclaimPolicy: balanced
 - commit_granule_bytes: 65536.
 - commit_granule_words: 8192.
 - virtual_space_node_default_size: 8388608.
 - enlarge_chunks_in_place: 1.
 - new_chunks_are_fully_committed: 0.
 - uncommit_free_chunks: 1.
 - use_allocation_guard: 0.


Internal statistics:

num_allocs_failed_limit: 3.
num_arena_births: 398.
num_arena_deaths: 0.
num_vsnodes_births: 2.
num_vsnodes_deaths: 0.
num_space_committed: 544.
num_space_uncommitted: 0.
num_chunks_returned_to_freelist: 3.
num_chunks_taken_from_freelist: 1316.
num_chunk_merges: 0.
num_chunk_splits: 935.
num_chunks_enlarged: 738.
num_inconsistent_stats: 0.

CodeHeap 'non-profiled nmethods': size=120000Kb used=3386Kb max_used=3386Kb free=116614Kb
 bounds [0x0000012c72520000, 0x0000012c72870000, 0x0000012c79a50000]
CodeHeap 'profiled nmethods': size=120000Kb used=8877Kb max_used=8877Kb free=111122Kb
 bounds [0x0000012c6aa50000, 0x0000012c6b300000, 0x0000012c71f80000]
CodeHeap 'non-nmethods': size=5760Kb used=1663Kb max_used=1747Kb free=4096Kb
 bounds [0x0000012c71f80000, 0x0000012c721f0000, 0x0000012c72520000]
 total_blobs=4682 nmethods=4032 adapters=559
 compilation: enabled
              stopped_count=0, restarted_count=0
 full_count=0

Compilation events (20 events):
Event: 10.042 Thread 0x0000012c7f6ae500 nmethod 4025 0x0000012c6b2ed490 code [0x0000012c6b2ed620, 0x0000012c6b2ed798]
Event: 10.044 Thread 0x0000012c7f6ae500 4026       3       sun.nio.fs.WindowsPath::getFileSystem (5 bytes)
Event: 10.044 Thread 0x0000012c7f6ae500 nmethod 4026 0x0000012c6b2ed890 code [0x0000012c6b2eda20, 0x0000012c6b2edbc8]
Event: 10.048 Thread 0x0000012c7f6ae500 4027       3       jdk.internal.loader.URLClassPath$1::next (59 bytes)
Event: 10.048 Thread 0x0000012c7f6ae500 nmethod 4027 0x0000012c6b2edc90 code [0x0000012c6b2ede60, 0x0000012c6b2ee298]
Event: 10.090 Thread 0x0000012c7f6ae500 4029       3       org.aspectj.weaver.bcel.BcelWeaver::processReweavableStateIfPresent (377 bytes)
Event: 10.092 Thread 0x0000012c7f6ae500 nmethod 4029 0x0000012c6b2ee410 code [0x0000012c6b2ee900, 0x0000012c6b2f1760]
Event: 10.092 Thread 0x0000012c7f6ae500 4031   !   3       org.aspectj.weaver.bcel.Utility::makeJavaClass (42 bytes)
Event: 10.093 Thread 0x0000012c7f6ae500 nmethod 4031 0x0000012c6b2f2590 code [0x0000012c6b2f27c0, 0x0000012c6b2f3320]
Event: 10.093 Thread 0x0000012c7f6ae500 4030       1       org.aspectj.apache.bcel.classfile.annotation.SimpleElementValue::getIndex (5 bytes)
Event: 10.093 Thread 0x0000012c7f6ae500 nmethod 4030 0x0000012c7286e210 code [0x0000012c7286e380, 0x0000012c7286e448]
Event: 10.122 Thread 0x0000012c7f6ae500 4033       3       java.lang.PublicMethods$MethodList::merge (192 bytes)
Event: 10.123 Thread 0x0000012c7f6ae500 nmethod 4033 0x0000012c6b2f3710 code [0x0000012c6b2f3960, 0x0000012c6b2f4460]
Event: 10.123 Thread 0x0000012c7f6ae500 4034       3       java.lang.PublicMethods$MethodList::length (24 bytes)
Event: 10.123 Thread 0x0000012c7f6ae500 nmethod 4034 0x0000012c6b2f4890 code [0x0000012c6b2f4a20, 0x0000012c6b2f4bf0]
Event: 10.123 Thread 0x0000012c7f6ae500 4035       3       java.lang.PublicMethods::merge (81 bytes)
Event: 10.124 Thread 0x0000012c7f6ae500 nmethod 4035 0x0000012c6b2f4d10 code [0x0000012c6b2f4f40, 0x0000012c6b2f5950]
Event: 10.125 Thread 0x0000012c7f6ae500 4036       3       java.util.TreeMap::successor (66 bytes)
Event: 10.125 Thread 0x0000012c7f6ae500 nmethod 4036 0x0000012c6b2f5d10 code [0x0000012c6b2f5ec0, 0x0000012c6b2f6240]
Event: 10.125 Thread 0x0000012c7f6ae500 4037       3       java.util.TreeMap$PrivateEntryIterator::nextEntry (54 bytes)

GC Heap History (14 events):
Event: 0.453 GC heap before
{Heap before GC invocations=0 (full 0):
 garbage-first heap   total 260096K, used 10240K [0x0000000702000000, 0x0000000800000000)
  region size 2048K, 6 young (12288K), 0 survivors (0K)
 Metaspace       used 626K, committed 832K, reserved 1114112K
  class space    used 29K, committed 128K, reserved 1048576K
}
Event: 0.457 GC heap after
{Heap after GC invocations=1 (full 0):
 garbage-first heap   total 260096K, used 8073K [0x0000000702000000, 0x0000000800000000)
  region size 2048K, 1 young (2048K), 1 survivors (2048K)
 Metaspace       used 626K, committed 832K, reserved 1114112K
  class space    used 29K, committed 128K, reserved 1048576K
}
Event: 0.661 GC heap before
{Heap before GC invocations=1 (full 0):
 garbage-first heap   total 260096K, used 18313K [0x0000000702000000, 0x0000000800000000)
  region size 2048K, 6 young (12288K), 1 survivors (2048K)
 Metaspace       used 3685K, committed 3904K, reserved 1114112K
  class space    used 343K, committed 448K, reserved 1048576K
}
Event: 0.663 GC heap after
{Heap after GC invocations=2 (full 0):
 garbage-first heap   total 260096K, used 11772K [0x0000000702000000, 0x0000000800000000)
  region size 2048K, 1 young (2048K), 1 survivors (2048K)
 Metaspace       used 3685K, committed 3904K, reserved 1114112K
  class space    used 343K, committed 448K, reserved 1048576K
}
Event: 1.040 GC heap before
{Heap before GC invocations=2 (full 0):
 garbage-first heap   total 260096K, used 26108K [0x0000000702000000, 0x0000000800000000)
  region size 2048K, 9 young (18432K), 1 survivors (2048K)
 Metaspace       used 8397K, committed 8640K, reserved 1114112K
  class space    used 722K, committed 832K, reserved 1048576K
}
Event: 1.043 GC heap after
{Heap after GC invocations=3 (full 0):
 garbage-first heap   total 260096K, used 15075K [0x0000000702000000, 0x0000000800000000)
  region size 2048K, 2 young (4096K), 2 survivors (4096K)
 Metaspace       used 8397K, committed 8640K, reserved 1114112K
  class space    used 722K, committed 832K, reserved 1048576K
}
Event: 2.366 GC heap before
{Heap before GC invocations=3 (full 0):
 garbage-first heap   total 260096K, used 137955K [0x0000000702000000, 0x0000000800000000)
  region size 2048K, 62 young (126976K), 2 survivors (4096K)
 Metaspace       used 16839K, committed 17088K, reserved 1114112K
  class space    used 1579K, committed 1728K, reserved 1048576K
}
Event: 2.379 GC heap after
{Heap after GC invocations=4 (full 0):
 garbage-first heap   total 260096K, used 31637K [0x0000000702000000, 0x0000000800000000)
  region size 2048K, 8 young (16384K), 8 survivors (16384K)
 Metaspace       used 16839K, committed 17088K, reserved 1114112K
  class space    used 1579K, committed 1728K, reserved 1048576K
}
Event: 3.004 GC heap before
{Heap before GC invocations=4 (full 0):
 garbage-first heap   total 260096K, used 91029K [0x0000000702000000, 0x0000000800000000)
  region size 2048K, 38 young (77824K), 8 survivors (16384K)
 Metaspace       used 21280K, committed 21504K, reserved 1114112K
  class space    used 2097K, committed 2240K, reserved 1048576K
}
Event: 3.020 GC heap after
{Heap after GC invocations=5 (full 0):
 garbage-first heap   total 260096K, used 40624K [0x0000000702000000, 0x0000000800000000)
  region size 2048K, 4 young (8192K), 4 survivors (8192K)
 Metaspace       used 21280K, committed 21504K, reserved 1114112K
  class space    used 2097K, committed 2240K, reserved 1048576K
}
Event: 3.884 GC heap before
{Heap before GC invocations=6 (full 0):
 garbage-first heap   total 143360K, used 118448K [0x0000000702000000, 0x0000000800000000)
  region size 2048K, 42 young (86016K), 4 survivors (8192K)
 Metaspace       used 27995K, committed 28288K, reserved 1114112K
  class space    used 2919K, committed 3072K, reserved 1048576K
}
Event: 3.896 GC heap after
{Heap after GC invocations=7 (full 0):
 garbage-first heap   total 143360K, used 49633K [0x0000000702000000, 0x0000000800000000)
  region size 2048K, 5 young (10240K), 5 survivors (10240K)
 Metaspace       used 27995K, committed 28288K, reserved 1114112K
  class space    used 2919K, committed 3072K, reserved 1048576K
}
Event: 5.521 GC heap before
{Heap before GC invocations=7 (full 0):
 garbage-first heap   total 143360K, used 121313K [0x0000000702000000, 0x0000000800000000)
  region size 2048K, 37 young (75776K), 5 survivors (10240K)
 Metaspace       used 32077K, committed 32448K, reserved 1114112K
  class space    used 3483K, committed 3648K, reserved 1048576K
}
Event: 5.530 GC heap after
{Heap after GC invocations=8 (full 0):
 garbage-first heap   total 143360K, used 61925K [0x0000000702000000, 0x0000000800000000)
  region size 2048K, 4 young (8192K), 4 survivors (8192K)
 Metaspace       used 32077K, committed 32448K, reserved 1114112K
  class space    used 3483K, committed 3648K, reserved 1048576K
}

Dll operation events (14 events):
Event: 0.009 Loaded shared library C:\Program Files\Java\jdk-20\bin\java.dll
Event: 0.030 Loaded shared library C:\Program Files\Java\jdk-20\bin\jsvml.dll
Event: 0.279 Loaded shared library C:\Program Files\Java\jdk-20\bin\zip.dll
Event: 0.281 Loaded shared library C:\Program Files\Java\jdk-20\bin\instrument.dll
Event: 0.285 Loaded shared library C:\Program Files\Java\jdk-20\bin\net.dll
Event: 0.286 Loaded shared library C:\Program Files\Java\jdk-20\bin\nio.dll
Event: 0.292 Loaded shared library C:\Program Files\Java\jdk-20\bin\zip.dll
Event: 0.353 Loaded shared library C:\Program Files\Java\jdk-20\bin\jimage.dll
Event: 0.832 Loaded shared library C:\Users\User\IntelliJ IDEA Community Edition 2023.2\bin\breakgen64.dll
Event: 0.859 Loaded shared library C:\Program Files\Java\jdk-20\bin\extnet.dll
Event: 0.972 Loaded shared library C:\Program Files\Java\jdk-20\bin\verify.dll
Event: 2.789 Loaded shared library C:\Program Files\Java\jdk-20\bin\management.dll
Event: 2.793 Loaded shared library C:\Program Files\Java\jdk-20\bin\management_ext.dll
Event: 3.110 Loaded shared library C:\Program Files\Java\jdk-20\bin\sunmscapi.dll

Deoptimization events (20 events):
Event: 9.945 Thread 0x0000012c6299c3e0 DEOPT PACKING pc=0x0000012c727f86fc sp=0x0000000a8f5fdb90
Event: 9.945 Thread 0x0000012c6299c3e0 DEOPT UNPACKING pc=0x0000012c71fe9d22 sp=0x0000000a8f5fdb28 mode 2
Event: 9.961 Thread 0x0000012c6299c3e0 DEOPT PACKING pc=0x0000012c6b2d3a47 sp=0x0000000a8f5fbd90
Event: 9.961 Thread 0x0000012c6299c3e0 DEOPT UNPACKING pc=0x0000012c71fea4c2 sp=0x0000000a8f5fb210 mode 0
Event: 10.050 Thread 0x0000012c6299c3e0 DEOPT PACKING pc=0x0000012c6b2e432a sp=0x0000000a8f5f5890
Event: 10.050 Thread 0x0000012c6299c3e0 DEOPT UNPACKING pc=0x0000012c71fea4c2 sp=0x0000000a8f5f4da0 mode 0
Event: 10.050 Thread 0x0000012c6299c3e0 DEOPT PACKING pc=0x0000012c6b2e432a sp=0x0000000a8f5f5900
Event: 10.050 Thread 0x0000012c6299c3e0 DEOPT UNPACKING pc=0x0000012c71fea4c2 sp=0x0000000a8f5f4e10 mode 0
Event: 10.068 Thread 0x0000012c6299c3e0 DEOPT PACKING pc=0x0000012c6b2a8cc0 sp=0x0000000a8f5f7f20
Event: 10.068 Thread 0x0000012c6299c3e0 DEOPT UNPACKING pc=0x0000012c71fea4c2 sp=0x0000000a8f5f7540 mode 0
Event: 10.093 Thread 0x0000012c6299c3e0 DEOPT PACKING pc=0x0000012c6b2e432a sp=0x0000000a8f5fb830
Event: 10.093 Thread 0x0000012c6299c3e0 DEOPT UNPACKING pc=0x0000012c71fea4c2 sp=0x0000000a8f5fad40 mode 0
Event: 10.123 Thread 0x0000012c6299c3e0 Uncommon trap: trap_request=0xffffff54 fr.pc=0x0000012c7270ee64 relative=0x0000000000000924
Event: 10.123 Thread 0x0000012c6299c3e0 Uncommon trap: reason=speculate_null_assert action=make_not_entrant pc=0x0000012c7270ee64 method=java.util.jar.JarFile.getVersionedEntry(Ljava/lang/String;Ljava/util/jar/JarEntry;)Ljava/util/jar/JarEntry; @ 115 c2
Event: 10.123 Thread 0x0000012c6299c3e0 DEOPT PACKING pc=0x0000012c7270ee64 sp=0x0000000a8f5f9b70
Event: 10.123 Thread 0x0000012c6299c3e0 DEOPT UNPACKING pc=0x0000012c71fe9d22 sp=0x0000000a8f5f9b38 mode 2
Event: 10.123 Thread 0x0000012c6299c3e0 Uncommon trap: trap_request=0xffffff45 fr.pc=0x0000012c727222d4 relative=0x0000000000002034
Event: 10.123 Thread 0x0000012c6299c3e0 Uncommon trap: reason=unstable_if action=reinterpret pc=0x0000012c727222d4 method=java.util.jar.JarFile.getEntry(Ljava/lang/String;)Ljava/util/zip/ZipEntry; @ 15 c2
Event: 10.123 Thread 0x0000012c6299c3e0 DEOPT PACKING pc=0x0000012c727222d4 sp=0x0000000a8f5f9c00
Event: 10.123 Thread 0x0000012c6299c3e0 DEOPT UNPACKING pc=0x0000012c71fe9d22 sp=0x0000000a8f5f9ac8 mode 2

Classes loaded (20 events):
Event: 10.057 Loading class java/util/concurrent/Executors$DefaultThreadFactory
Event: 10.057 Loading class java/util/concurrent/Executors$DefaultThreadFactory done
Event: 10.097 Loading class javax/naming/Context
Event: 10.097 Loading class javax/naming/Context done
Event: 10.119 Loading class java/util/ConcurrentModificationException
Event: 10.119 Loading class java/util/ConcurrentModificationException done
Event: 10.121 Loading class java/io/StreamCorruptedException
Event: 10.121 Loading class java/io/StreamCorruptedException done
Event: 10.122 Loading class java/io/ObjectInputStream$GetField
Event: 10.122 Loading class java/io/ObjectInputStream$GetField done
Event: 10.122 Loading class java/io/ObjectInputValidation
Event: 10.122 Loading class java/io/ObjectInputValidation done
Event: 10.122 Loading class java/io/NotActiveException
Event: 10.122 Loading class java/io/NotActiveException done
Event: 10.122 Loading class java/io/ObjectInputFilter
Event: 10.122 Loading class java/io/ObjectInputFilter done
Event: 10.125 Loading class java/io/ObjectInputFilter$FilterInfo
Event: 10.125 Loading class java/io/ObjectInputFilter$FilterInfo done
Event: 10.125 Loading class java/io/ObjectInputFilter$Status
Event: 10.125 Loading class java/io/ObjectInputFilter$Status done

Classes unloaded (0 events):
No events

Classes redefined (0 events):
No events

Internal exceptions (20 events):
Event: 5.539 Thread 0x0000012c6299c3e0 Exception <a 'java/lang/NoSuchMethodError'{0x0000000711c556e8}: 'java.lang.Object java.lang.invoke.DirectMethodHandle$Holder.newInvokeSpecial(java.lang.Object, java.lang.Object, java.lang.Object, int, java.lang.Object)'> (0x0000000711c556e8) 
thrown [s\open\src\hotspot\share\interpreter\linkResolver.cpp, line 773]
Event: 5.540 Thread 0x0000012c6299c3e0 Exception <a 'java/lang/NoSuchMethodError'{0x0000000711c5cba0}: 'java.lang.Object java.lang.invoke.Invokers$Holder.linkToTargetMethod(java.lang.Object, java.lang.Object, int, java.lang.Object, java.lang.Object)'> (0x0000000711c5cba0) 
thrown [s\open\src\hotspot\share\interpreter\linkResolver.cpp, line 773]
Event: 5.561 Thread 0x0000012c6299c3e0 Exception <a 'java/lang/IncompatibleClassChangeError'{0x0000000711de6ea0}: Found class java.lang.Object, but interface was expected> (0x0000000711de6ea0) 
thrown [s\open\src\hotspot\share\interpreter\linkResolver.cpp, line 840]
Event: 5.562 Thread 0x0000012c6299c3e0 Exception <a 'java/lang/IncompatibleClassChangeError'{0x0000000711dedaf0}: Found class java.lang.Object, but interface was expected> (0x0000000711dedaf0) 
thrown [s\open\src\hotspot\share\interpreter\linkResolver.cpp, line 840]
Event: 5.570 Thread 0x0000012c6299c3e0 Exception <a 'java/lang/NoSuchMethodError'{0x000000070e04fdf0}: 'int java.lang.invoke.DirectMethodHandle$Holder.invokeVirtual(java.lang.Object, java.lang.Object, java.lang.Object)'> (0x000000070e04fdf0) 
thrown [s\open\src\hotspot\share\interpreter\linkResolver.cpp, line 773]
Event: 5.574 Thread 0x0000012c6299c3e0 Exception <a 'java/lang/NoSuchMethodError'{0x000000070e08e948}: 'int java.lang.invoke.DirectMethodHandle$Holder.invokeStatic(java.lang.Object, java.lang.Object, java.lang.Object, java.lang.Object, java.lang.Object)'> (0x000000070e08e948) 
thrown [s\open\src\hotspot\share\interpreter\linkResolver.cpp, line 773]
Event: 5.592 Thread 0x0000012c6299c3e0 Exception <a 'java/lang/NoSuchMethodError'{0x000000070de57a08}: 'void java.lang.invoke.DirectMethodHandle$Holder.invokeInterface(java.lang.Object, java.lang.Object)'> (0x000000070de57a08) 
thrown [s\open\src\hotspot\share\interpreter\linkResolver.cpp, line 773]
Event: 5.629 Thread 0x0000012c6299c3e0 Exception <a 'java/lang/IncompatibleClassChangeError'{0x000000070dde3180}: Found class java.lang.Object, but interface was expected> (0x000000070dde3180) 
thrown [s\open\src\hotspot\share\interpreter\linkResolver.cpp, line 840]
Event: 5.629 Thread 0x0000012c6299c3e0 Exception <a 'java/lang/NoSuchMethodError'{0x000000070dde7070}: 'int java.lang.invoke.DirectMethodHandle$Holder.invokeSpecial(java.lang.Object, java.lang.Object, java.lang.Object, java.lang.Object, java.lang.Object)'> (0x000000070dde7070) 
thrown [s\open\src\hotspot\share\interpreter\linkResolver.cpp, line 773]
Event: 5.672 Thread 0x0000012c6299c3e0 Exception <a 'java/lang/IncompatibleClassChangeError'{0x000000070a0cf298}: Found class java.lang.Object, but interface was expected> (0x000000070a0cf298) 
thrown [s\open\src\hotspot\share\interpreter\linkResolver.cpp, line 840]
Event: 5.672 Thread 0x0000012c6299c3e0 Exception <a 'java/lang/IncompatibleClassChangeError'{0x000000070a0d2730}: Found class java.lang.Object, but interface was expected> (0x000000070a0d2730) 
thrown [s\open\src\hotspot\share\interpreter\linkResolver.cpp, line 840]
Event: 5.672 Thread 0x0000012c6299c3e0 Exception <a 'java/lang/IncompatibleClassChangeError'{0x000000070a0d5920}: Found class java.lang.Object, but interface was expected> (0x000000070a0d5920) 
thrown [s\open\src\hotspot\share\interpreter\linkResolver.cpp, line 840]
Event: 5.673 Thread 0x0000012c6299c3e0 Exception <a 'java/lang/IncompatibleClassChangeError'{0x000000070a0d8b78}: Found class java.lang.Object, but interface was expected> (0x000000070a0d8b78) 
thrown [s\open\src\hotspot\share\interpreter\linkResolver.cpp, line 840]
Event: 5.673 Thread 0x0000012c6299c3e0 Exception <a 'java/lang/IncompatibleClassChangeError'{0x000000070a0e6a30}: Found class java.lang.Object, but interface was expected> (0x000000070a0e6a30) 
thrown [s\open\src\hotspot\share\interpreter\linkResolver.cpp, line 840]
Event: 5.674 Thread 0x0000012c6299c3e0 Exception <a 'java/lang/IncompatibleClassChangeError'{0x000000070a0e9cd0}: Found class java.lang.Object, but interface was expected> (0x000000070a0e9cd0) 
thrown [s\open\src\hotspot\share\interpreter\linkResolver.cpp, line 840]
Event: 5.685 Thread 0x0000012c6299c3e0 Exception <a 'java/lang/IncompatibleClassChangeError'{0x000000070a1f3d58}: Found class java.lang.Object, but interface was expected> (0x000000070a1f3d58) 
thrown [s\open\src\hotspot\share\interpreter\linkResolver.cpp, line 840]
Event: 5.685 Thread 0x0000012c6299c3e0 Exception <a 'java/lang/IncompatibleClassChangeError'{0x000000070a1fabf8}: Found class java.lang.Object, but interface was expected> (0x000000070a1fabf8) 
thrown [s\open\src\hotspot\share\interpreter\linkResolver.cpp, line 840]
Event: 5.686 Thread 0x0000012c6299c3e0 Exception <a 'java/lang/IncompatibleClassChangeError'{0x0000000709e14738}: Found class java.lang.Object, but interface was expected> (0x0000000709e14738) 
thrown [s\open\src\hotspot\share\interpreter\linkResolver.cpp, line 840]
Event: 5.686 Thread 0x0000012c6299c3e0 Exception <a 'java/lang/IncompatibleClassChangeError'{0x0000000709e178e8}: Found class java.lang.Object, but interface was expected> (0x0000000709e178e8) 
thrown [s\open\src\hotspot\share\interpreter\linkResolver.cpp, line 840]
Event: 10.121 Thread 0x0000012c6299c3e0 Exception <a 'java/lang/NoSuchMethodError'{0x00000007089a74e0}: 'void java.lang.invoke.DirectMethodHandle$Holder.invokeStaticInit(java.lang.Object, java.lang.Object, java.lang.Object, java.lang.Object)'> (0x00000007089a74e0) 
thrown [s\open\src\hotspot\share\interpreter\linkResolver.cpp, line 773]

VM Operations (20 events):
Event: 3.570 Executing VM operation: HandshakeAllThreads
Event: 3.570 Executing VM operation: HandshakeAllThreads done
Event: 3.572 Executing VM operation: HandshakeAllThreads
Event: 3.572 Executing VM operation: HandshakeAllThreads done
Event: 3.755 Executing VM operation: ICBufferFull
Event: 3.755 Executing VM operation: ICBufferFull done
Event: 3.884 Executing VM operation: G1CollectForAllocation
Event: 3.896 Executing VM operation: G1CollectForAllocation done
Event: 4.122 Executing VM operation: HandshakeAllThreads
Event: 4.122 Executing VM operation: HandshakeAllThreads done
Event: 5.137 Executing VM operation: Cleanup
Event: 5.137 Executing VM operation: Cleanup done
Event: 5.411 Executing VM operation: ICBufferFull
Event: 5.411 Executing VM operation: ICBufferFull done
Event: 5.455 Executing VM operation: ICBufferFull
Event: 5.455 Executing VM operation: ICBufferFull done
Event: 5.521 Executing VM operation: G1CollectForAllocation
Event: 5.530 Executing VM operation: G1CollectForAllocation done
Event: 6.539 Executing VM operation: Cleanup
Event: 6.539 Executing VM operation: Cleanup done

Events (20 events):
Event: 0.323 Thread 0x0000012c7f9a6aa0 Thread added: 0x0000012c7f9a6aa0
Event: 0.832 Thread 0x0000012c48197ed0 Thread added: 0x0000012c48197ed0
Event: 0.833 Thread 0x0000012c47ec6dd0 Thread added: 0x0000012c47ec6dd0
Event: 2.623 Thread 0x0000012c4a313a30 Thread added: 0x0000012c4a313a30
Event: 2.843 Thread 0x0000012c4a311fa0 Thread added: 0x0000012c4a311fa0
Event: 3.493 Thread 0x0000012c4a310fb0 Thread added: 0x0000012c4a310fb0
Event: 3.507 Thread 0x0000012c4a313f80 Thread added: 0x0000012c4a313f80
Event: 3.507 Thread 0x0000012c4a310a60 Thread added: 0x0000012c4a310a60
Event: 3.559 Thread 0x0000012c4a312a40 Thread added: 0x0000012c4a312a40
Event: 3.560 Thread 0x0000012c4a312f90 Thread added: 0x0000012c4a312f90
Event: 3.563 Thread 0x0000012c4a311a50 Thread added: 0x0000012c4a311a50
Event: 3.571 Thread 0x0000012c4a311500 Thread added: 0x0000012c4a311500
Event: 4.007 Thread 0x0000012c4a3134e0 Thread added: 0x0000012c4a3134e0
Event: 4.984 Thread 0x0000012c7f9a6aa0 Thread exited: 0x0000012c7f9a6aa0
Event: 4.990 Thread 0x0000012c7f9a6aa0 Thread added: 0x0000012c7f9a6aa0
Event: 5.154 Thread 0x0000012c4a390130 Thread added: 0x0000012c4a390130
Event: 5.191 Thread 0x0000012c4a391120 Thread added: 0x0000012c4a391120
Event: 6.647 Thread 0x0000012c7f9a6aa0 Thread exited: 0x0000012c7f9a6aa0
Event: 8.576 Thread 0x0000012c4a311500 Thread exited: 0x0000012c4a311500
Event: 9.932 Thread 0x0000012c4a4a9010 Thread added: 0x0000012c4a4a9010


Dynamic libraries:
0x00007ff79d040000 - 0x00007ff79d050000 	C:\Program Files\Java\jdk-20\bin\java.exe
0x00007ffecb590000 - 0x00007ffecb788000 	C:\WINDOWS\SYSTEM32\ntdll.dll
0x00007ffecb0a0000 - 0x00007ffecb15d000 	C:\WINDOWS\System32\KERNEL32.DLL
0x00007ffec92f0000 - 0x00007ffec95e6000 	C:\WINDOWS\System32\KERNELBASE.dll
0x00007ffec8dd0000 - 0x00007ffec8ed0000 	C:\WINDOWS\System32\ucrtbase.dll
0x00007ffec1820000 - 0x00007ffec1839000 	C:\Program Files\Java\jdk-20\bin\jli.dll
0x00007ffecb430000 - 0x00007ffecb4de000 	C:\WINDOWS\System32\ADVAPI32.dll
0x00007ffecb390000 - 0x00007ffecb42e000 	C:\WINDOWS\System32\msvcrt.dll
0x00007ffec9fa0000 - 0x00007ffeca03c000 	C:\WINDOWS\System32\sechost.dll
0x00007ffec9e70000 - 0x00007ffec9f96000 	C:\WINDOWS\System32\RPCRT4.dll
0x00007ffeca2a0000 - 0x00007ffeca43e000 	C:\WINDOWS\System32\USER32.dll
0x00007ffec9180000 - 0x00007ffec91a2000 	C:\WINDOWS\System32\win32u.dll
0x00007ffec95f0000 - 0x00007ffec961c000 	C:\WINDOWS\System32\GDI32.dll
0x00007ffec8fc0000 - 0x00007ffec90da000 	C:\WINDOWS\System32\gdi32full.dll
0x00007ffec8ed0000 - 0x00007ffec8f6d000 	C:\WINDOWS\System32\msvcp_win.dll
0x00007ffeb6f40000 - 0x00007ffeb71da000 	C:\WINDOWS\WinSxS\amd64_microsoft.windows.common-controls_6595b64144ccf1df_6.0.19041.1110_none_60b5254171f9507e\COMCTL32.dll
0x00007ffec4080000 - 0x00007ffec408a000 	C:\WINDOWS\SYSTEM32\VERSION.dll
0x00007ffec1840000 - 0x00007ffec185b000 	C:\Program Files\Java\jdk-20\bin\VCRUNTIME140.dll
0x00007ffec9d90000 - 0x00007ffec9dc0000 	C:\WINDOWS\System32\IMM32.DLL
0x00007ffec1810000 - 0x00007ffec181c000 	C:\Program Files\Java\jdk-20\bin\vcruntime140_1.dll
0x00007ffec1780000 - 0x00007ffec180e000 	C:\Program Files\Java\jdk-20\bin\msvcp140.dll
0x00007ffe68fc0000 - 0x00007ffe69c58000 	C:\Program Files\Java\jdk-20\bin\server\jvm.dll
0x00007ffeb9e60000 - 0x00007ffeb9e87000 	C:\WINDOWS\SYSTEM32\WINMM.dll
0x00007ffec45a0000 - 0x00007ffec45a9000 	C:\WINDOWS\SYSTEM32\WSOCK32.dll
0x00007ffeca7b0000 - 0x00007ffeca81b000 	C:\WINDOWS\System32\WS2_32.dll
0x00007ffec6a40000 - 0x00007ffec6a52000 	C:\WINDOWS\SYSTEM32\kernel.appcore.dll
0x00007ffec1700000 - 0x00007ffec170a000 	C:\Program Files\Java\jdk-20\bin\jimage.dll
0x00007ffec3b60000 - 0x00007ffec3d44000 	C:\WINDOWS\SYSTEM32\DBGHELP.DLL
0x00007ffec3ac0000 - 0x00007ffec3af4000 	C:\WINDOWS\SYSTEM32\dbgcore.DLL
0x00007ffec9260000 - 0x00007ffec92e2000 	C:\WINDOWS\System32\bcryptPrimitives.dll
0x00007ffec4520000 - 0x00007ffec452e000 	C:\Program Files\Java\jdk-20\bin\instrument.dll
0x00007ffec16d0000 - 0x00007ffec16f6000 	C:\Program Files\Java\jdk-20\bin\java.dll
0x00007ffe73470000 - 0x00007ffe73547000 	C:\Program Files\Java\jdk-20\bin\jsvml.dll
0x00007ffeca950000 - 0x00007ffecb095000 	C:\WINDOWS\System32\SHELL32.dll
0x00007ffec6d20000 - 0x00007ffec74bb000 	C:\WINDOWS\SYSTEM32\windows.storage.dll
0x00007ffeca450000 - 0x00007ffeca7a4000 	C:\WINDOWS\System32\combase.dll
0x00007ffec86b0000 - 0x00007ffec86de000 	C:\WINDOWS\SYSTEM32\Wldp.dll
0x00007ffeca120000 - 0x00007ffeca1cd000 	C:\WINDOWS\System32\SHCORE.dll
0x00007ffec9d30000 - 0x00007ffec9d85000 	C:\WINDOWS\System32\shlwapi.dll
0x00007ffec8ba0000 - 0x00007ffec8bc5000 	C:\WINDOWS\SYSTEM32\profapi.dll
0x00007ffea48c0000 - 0x00007ffea48d8000 	C:\Program Files\Java\jdk-20\bin\zip.dll
0x00007ffec16b0000 - 0x00007ffec16c3000 	C:\Program Files\Java\jdk-20\bin\net.dll
0x00007ffec3e00000 - 0x00007ffec3f0a000 	C:\WINDOWS\SYSTEM32\WINHTTP.dll
0x00007ffec8340000 - 0x00007ffec83aa000 	C:\WINDOWS\system32\mswsock.dll
0x00007ffea7150000 - 0x00007ffea7166000 	C:\Program Files\Java\jdk-20\bin\nio.dll
0x00007ffec1710000 - 0x00007ffec172a000 	C:\Users\User\IntelliJ IDEA Community Edition 2023.2\bin\breakgen64.dll
0x00007ffeb73f0000 - 0x00007ffeb73f7000 	C:\Program Files\Java\jdk-20\bin\extnet.dll
0x00007ffeb6470000 - 0x00007ffeb6480000 	C:\Program Files\Java\jdk-20\bin\verify.dll
0x00007ffec85a0000 - 0x00007ffec85b8000 	C:\WINDOWS\SYSTEM32\CRYPTSP.dll
0x00007ffec7c50000 - 0x00007ffec7c84000 	C:\WINDOWS\system32\rsaenh.dll
0x00007ffec90e0000 - 0x00007ffec9107000 	C:\WINDOWS\System32\bcrypt.dll
0x00007ffec8b60000 - 0x00007ffec8b8e000 	C:\WINDOWS\SYSTEM32\USERENV.dll
0x00007ffec8590000 - 0x00007ffec859c000 	C:\WINDOWS\SYSTEM32\CRYPTBASE.dll
0x00007ffec8030000 - 0x00007ffec806b000 	C:\WINDOWS\SYSTEM32\IPHLPAPI.DLL
0x00007ffecb4e0000 - 0x00007ffecb4e8000 	C:\WINDOWS\System32\NSI.dll
0x00007ffec4430000 - 0x00007ffec4447000 	C:\WINDOWS\SYSTEM32\dhcpcsvc6.DLL
0x00007ffec42f0000 - 0x00007ffec430d000 	C:\WINDOWS\SYSTEM32\dhcpcsvc.DLL
0x00007ffec8070000 - 0x00007ffec813a000 	C:\WINDOWS\SYSTEM32\DNSAPI.dll
0x00007ffec2280000 - 0x00007ffec228a000 	C:\Windows\System32\rasadhlp.dll
0x00007ffec2190000 - 0x00007ffec2212000 	C:\WINDOWS\System32\fwpuclnt.dll
0x00007ffec2d50000 - 0x00007ffec2d5a000 	C:\Program Files\Java\jdk-20\bin\management.dll
0x00007ffec1880000 - 0x00007ffec188b000 	C:\Program Files\Java\jdk-20\bin\management_ext.dll
0x00007ffec9620000 - 0x00007ffec9628000 	C:\WINDOWS\System32\PSAPI.DLL
0x00007ffec1860000 - 0x00007ffec186e000 	C:\Program Files\Java\jdk-20\bin\sunmscapi.dll
0x00007ffec8c70000 - 0x00007ffec8dce000 	C:\WINDOWS\System32\CRYPT32.dll
0x00007ffec8720000 - 0x00007ffec8748000 	C:\WINDOWS\SYSTEM32\ncrypt.dll
0x00007ffec86e0000 - 0x00007ffec871b000 	C:\WINDOWS\SYSTEM32\NTASN1.dll
0x00007ffec1500000 - 0x00007ffec1507000 	C:\WINDOWS\system32\wshunix.dll
0x00007ffeac020000 - 0x00007ffeac037000 	C:\WINDOWS\system32\napinsp.dll
0x00007ffea6de0000 - 0x00007ffea6dfb000 	C:\WINDOWS\system32\pnrpnsp.dll
0x00007ffe9d740000 - 0x00007ffe9d755000 	C:\WINDOWS\system32\wshbth.dll
0x00007ffec44d0000 - 0x00007ffec44ed000 	C:\WINDOWS\system32\NLAapi.dll
0x00007ffeb35a0000 - 0x00007ffeb35b2000 	C:\WINDOWS\System32\winrnr.dll

dbghelp: loaded successfully - version: 4.0.5 - missing functions: none
symbol engine: initialized successfully - sym options: 0x614 - pdb path: .;C:\Program Files\Java\jdk-20\bin;C:\WINDOWS\SYSTEM32;C:\WINDOWS\WinSxS\amd64_microsoft.windows.common-controls_6595b64144ccf1df_6.0.19041.1110_none_60b5254171f9507e;C:\Program Files\Java\jdk-20\bin\server;C:\Users\User\IntelliJ IDEA Community Edition 2023.2\bin

VM Arguments:
jvm_args: -ea -javaagent:C:\Users\User\.m2\repository/org/aspectj/aspectjweaver/1.9.19/aspectjweaver-1.9.19.jar -Didea.test.cyclic.buffer.size=1048576 -javaagent:C:\Users\User\IntelliJ IDEA Community Edition 2023.2\lib\idea_rt.jar=65076:C:\Users\User\IntelliJ IDEA Community Edition 2023.2\bin -Dfile.encoding=UTF-8 -Dsun.stdout.encoding=UTF-8 -Dsun.stderr.encoding=UTF-8 
java_command: com.intellij.rt.testng.RemoteTestNGStarter -usedefaultlisteners false -socket65075 @w@C:\Users\User\AppData\Local\Temp\idea_working_dirs_testng.tmp -temp C:\Users\User\AppData\Local\Temp\idea_testng.tmp
java_class_path (initial): C:\Users\User\IntelliJ IDEA Community Edition 2023.2\lib\idea_rt.jar;C:\Users\User\IntelliJ IDEA Community Edition 2023.2\plugins\testng\lib\testng-rt.jar;E:\Autotests\Begins\target\test-classes;E:\Autotests\Begins\target\classes;C:\Users\User\.m2\repository\io\rest-assured\scala-support\4.4.0\scala-support-4.4.0.jar;C:\Users\User\.m2\repository\org\scala-lang\scala-library\2.13.0\scala-library-2.13.0.jar;C:\Users\User\.m2\repository\io\rest-assured\spring-web-test-client\4.4.0\spring-web-test-client-4.4.0.jar;C:\Users\User\.m2\repository\io\rest-assured\spring-commons\4.4.0\spring-commons-4.4.0.jar;C:\Users\User\.m2\repository\org\springframework\spring-test\5.1.0.RELEASE\spring-test-5.1.0.RELEASE.jar;C:\Users\User\.m2\repository\org\springframework\spring-context\5.1.0.RELEASE\spring-context-5.1.0.RELEASE.jar;C:\Users\User\.m2\repository\org\springframework\spring-aop\5.1.0.RELEASE\spring-aop-5.1.0.RELEASE.jar;C:\Users\User\.m2\repository\org\springframework\spring-beans\5.1.0.RELEASE\spring-beans-5.1.0.RELEASE.jar;C:\Users\User\.m2\repository\org\springframework\spring-expression\5.1.0.RELEASE\spring-expression-5.1.0.RELEASE.jar;C:\Users\User\.m2\repository\org\springframework\spring-webflux\5.1.0.RELEASE\spring-webflux-5.1.0.RELEASE.jar;C:\Users\User\.m2\repository\io\projectreactor\reactor-core\3.2.0.RELEASE\reactor-core-3.2.0.RELEASE.jar;C:\Users\User\.m2\repository\org\springframework\spring-web\5.1.0.RELEASE\spring-web-5.1.0.RELEASE.jar;C:\Users\User\.m2\repository\org\synchronoss\cloud\nio-multipart-parser\1.1.0\nio-multipart-parser-1.1.0.jar;C:\Users\User\.m2\repository\org\synchronoss\cloud\nio-stream-storage\1.1.3\nio-stream-storage-1.1.3.jar;C:\Users\User\.m2\repository\io\rest-assured\spring-mock-mvc\4.4.0\spring-mock-mvc-4.4.0.jar;C:\Users\User\.m2\repository\org\springframework\spring-webmvc\4.3.23.RELEASE\spring-webmvc-4.3.23.RELEASE.jar;C:\Users\User\.m2\repository\io\rest-assured\json-schema-validator\4.4.0\json-schema-validator-4.4.0.jar;C:\Users\User\.m2\repository\com\github\java-json-tools\json-schema-validator\2.2.14\json-schema-validator-2.2.14.jar;C:\Users\User\.m2\repository\com\github\java-json-tools\jackson-coreutils-equivalence\1.0\jackson-coreutils-equivalence-1.0.jar;C:\Users\User\.m2\repository\com\github\java-json-tools\jackson-coreutils\2.0\jackson-coreutils-2.0.jar;C:\Users\User\.m2\repository\com\github\java-json-tools\msg-simple\1.2\msg-simple-1.2.jar;C:\Users\User\.m2\repository\com\github\java-json-tools\btf\1.3\btf-1.3.jar;C:\Users\User\.m2\repository\com\github\java-json-tools\json-schema-core\1.2.14\json-schema-core-1.2.14.jar;C:\Users\User\.m2\repository\com\github\java-json-tools\uri-template\0.10\uri-template-0.10.jar;C:\Users\User\.m2\repository\com\sun\mail\mailapi\1.6.2\mailapi-1.6.2.jar;C:\Users\User\.m2\repository\org\hamcrest\hamcrest\2.1\hamcrest-2.1.jar;C:\Users\User\.m2\repository\org\json\json\20230618\json-20230618.jar;C:\Users\User\.m2\repository\com\github\fge\json-schema-validator\2.2.6\json-schema-validator-2.2.6.jar;C:\Users\User\.m2\repository\com\google\code\findbugs\jsr305\3.0.0\jsr305-3.0.0.jar;C:\Users\User\.m2\repository\joda-time\joda-time\2.3\joda-time-2.3.jar;C:\Users\User\.m2\repository\com\googlecode\libphonenumber\libphonenumber\6.2\libphonenumber-6.2.jar;C:\Users\User\.m2\repository\com\github\fge\json-schema-core\1.2.5\json-schema-core-1.2.5.jar;C:\Users\User\.m2\repository\com\github\fge\uri-template\0.9\uri-template-0.9.jar;C:\Users\User\.m2\repository\com\github\fge\msg-simple\1.1\msg-simple-1.1.jar;C:\Users\User\.m2\repository\com\github\fge\btf\1.2\btf-1.2.jar;C:\Users\User\.m2\repository\com\github\fge\jackson-coreutils\1.8\jackson-coreutils-1.8.jar;C:\Users\User\.m2\repository\org\mozilla\rhino\1.7R4\rhino-1.7R4.jar;C:\Users\User\.m2\repository\javax\mail\mailapi\1.4.3\mailapi-1.4.3.jar;C:\Users\User\.m2\repository\javax\activation\activation\1.1\activation-1.1.jar;C:\Users\User\.m2\repository\net\sf\jopt-simple\jopt-simple\4.6\jopt-simple-4.6.jar;C:\Users\User\.m2\repository\io\rest-assured\rest-assured\5.3.1\rest-assured-5.3.1.jar;C:\Users\User\.m2\repository\org\apache\groovy\groovy\4.0.11\groovy-4.0.11.jar;C:\Users\User\.m2\repository\org\apache\groovy\groovy-xml\4.0.11\groovy-xml-4.0.11.jar;C:\Users\User\.m2\repository\org\apache\httpcomponents\httpmime\4.5.13\httpmime-4.5.13.jar;C:\Users\User\.m2\repository\org\ccil\cowan\tagsoup\tagsoup\1.2.1\tagsoup-1.2.1.jar;C:\Users\User\.m2\repository\io\rest-assured\json-path\5.3.1\json-path-5.3.1.jar;C:\Users\User\.m2\repository\org\apache\groovy\groovy-json\4.0.11\groovy-json-4.0.11.jar;C:\Users\User\.m2\repository\io\rest-assured\rest-assured-common\5.3.1\rest-assured-common-5.3.1.jar;C:\Users\User\.m2\repository\io\rest-assured\xml-path\5.3.1\xml-path-5.3.1.jar;C:\Users\User\.m2\repository\io\qameta\allure\allure-rest-assured\2.23.0\allure-rest-assured-2.23.0.jar;C:\Users\User\.m2\repository\io\qameta\allure\allure-attachments\2.23.0\allure-attachments-2.23.0.jar;C:\Users\User\.m2\repository\ru\yandex\qatools\ashot\ashot\1.5.4\ashot-1.5.4.jar;C:\Users\User\.m2\repository\com\google\code\gson\gson\2.6.2\gson-2.6.2.jar;C:\Users\User\.m2\repository\org\hamcrest\hamcrest-core\1.3\hamcrest-core-1.3.jar;C:\Users\User\.m2\repository\org\aspectj\aspectjweaver\1.9.19\aspectjweaver-1.9.19.jar;C:\Users\User\.m2\repository\io\qameta\allure\allure-testng\2.23.0\allure-testng-2.23.0.jar;C:\Users\User\.m2\repository\io\qameta\allure\allure-java-commons\2.23.0\allure-java-commons-2.23.0.jar;C:\Users\User\.m2\repository\io\qameta\allure\allure-model\2.23.0\allure-model-2.23.0.jar;C:\Users\User\.m2\repository\io\qameta\allure\allure-test-filter\2.23.0\allure-test-filter-2.23.0.jar;C:\Users\User\.m2\repository\io\qameta\allure\allure-maven\2.12.0\allure-maven-2.12.0.jar;C:\Users\User\.m2\repository\org\slf4j\slf4j-api\1.7.32\slf4j-api-1.7.32.jar;C:\Users\User\.m2\repository\com\fasterxml\jackson\core\jackson-databind\2.14.0\jackson-databind-2.14.0.jar;C:\Users\User\.m2\repository\com\fasterxml\jackson\core\jackson-annotations\2.14.0\jackson-annotations-2.14.0.jar;C:\Users\User\.m2\repository\com\fasterxml\jackson\core\jackson-core\2.14.0\jackson-core-2.14.0.jar;C:\Users\User\.m2\repository\org\apache\maven\reporting\maven-reporting-impl\3.0.0\maven-reporting-impl-3.0.0.jar;C:\Users\User\.m2\repository\org\apache\maven\reporting\maven-reporting-api\3.0\maven-reporting-api-3.0.jar;C:\Users\User\.m2\repository\org\apache\maven\doxia\doxia-sink-api\1.7\doxia-sink-api-1.7.jar;C:\Users\User\.m2\repository\org\apache\maven\doxia\doxia-logging-api\1.7\doxia-logging-api-1.7.jar;C:\Users\User\.m2\repository\org\apache\maven\doxia\doxia-decoration-model\1.7.4\doxia-decoration-model-1.7.4.jar;C:\Users\User\.m2\repository\org\apache\maven\doxia\doxia-core\1.7\doxia-core-1.7.jar;C:\Users\User\.m2\repository\org\codehaus\plexus\plexus-container-default\1.0-alpha-30\plexus-container-default-1.0-alpha-30.jar;C:\Users\User\.m2\repository\commons-lang\commons-lang\2.4\commons-lang-2.4.jar;C:\Users\User\.m2\repository\xmlunit\xmlunit\1.5\xmlunit-1.5.jar;C:\Users\User\.m2\repository\org\apache\maven\doxia\doxia-site-renderer\1.7.4\doxia-site-renderer-1.7.4.jar;C:\Users\User\.m2\repository\org\apache\maven\doxia\doxia-skin-model\1.7.4\doxia-skin-model-1.7.4.jar;C:\Users\User\.m2\repository\org\apache\maven\doxia\doxia-module-xhtml\1.7\doxia-module-xhtml-1.7.jar;C:\Users\User\.m2\repository\org\codehaus\plexus\plexus-i18n\1.0-beta-7\plexus-i18n-1.0-beta-7.jar;C:\Users\User\.m2\repository\org\codehaus\plexus\plexus-velocity\1.2\plexus-velocity-1.2.jar;C:\Users\User\.m2\repository\org\apache\velocity\velocity\1.7\velocity-1.7.jar;C:\Users\User\.m2\repository\org\apache\velocity\velocity-tools\2.0\velocity-tools-2.0.jar;C:\Users\User\.m2\repository\commons-digester\commons-digester\1.8\commons-digester-1.8.jar;C:\Users\User\.m2\repository\commons-chain\commons-chain\1.1\commons-chain-1.1.jar;C:\Users\User\.m2\repository\commons-validator\commons-validator\1.3.1\commons-validator-1.3.1.jar;C:\Users\User\.m2\repository\dom4j\dom4j\1.1\dom4j-1.1.jar;C:\Users\User\.m2\repository\oro\oro\2.0.8\oro-2.0.8.jar;C:\Users\User\.m2\repository\sslext\sslext\1.2-0\sslext-1.2-0.jar;C:\Users\User\.m2\repository\org\apache\struts\struts-core\1.3.8\struts-core-1.3.8.jar;C:\Users\User\.m2\repository\antlr\antlr\2.7.2\antlr-2.7.2.jar;C:\Users\User\.m2\repository\org\apache\struts\struts-taglib\1.3.8\struts-taglib-1.3.8.jar;C:\Users\User\.m2\repository\org\apache\struts\struts-tiles\1.3.8\struts-tiles-1.3.8.jar;C:\Users\User\.m2\repository\org\apache\maven\shared\maven-artifact-transfer\0.13.1\maven-artifact-transfer-0.13.1.jar;C:\Users\User\.m2\repository\org\apache\maven\shared\maven-common-artifact-filters\3.1.0\maven-common-artifact-filters-3.1.0.jar;C:\Users\User\.m2\repository\org\sonatype\sisu\sisu-inject-plexus\1.4.2\sisu-inject-plexus-1.4.2.jar;C:\Users\User\.m2\repository\org\sonatype\sisu\sisu-inject-bean\1.4.2\sisu-inject-bean-1.4.2.jar;C:\Users\User\.m2\repository\org\sonatype\sisu\sisu-guice\2.1.7\sisu-guice-2.1.7-noaop.jar;C:\Users\User\.m2\repository\commons-beanutils\commons-beanutils\1.9.4\commons-beanutils-1.9.4.jar;C:\Users\User\.m2\repository\commons-collections\commons-collections\3.2.2\commons-collections-3.2.2.jar;C:\Users\User\.m2\repository\net\lingala\zip4j\zip4j\1.3.3\zip4j-1.3.3.jar;C:\Users\User\.m2\repository\org\apache\commons\commons-exec\1.3\commons-exec-1.3.jar;C:\Users\User\.m2\repository\org\apache\maven\plugins\maven-jxr-plugin\3.3.0\maven-jxr-plugin-3.3.0.jar;C:\Users\User\.m2\repository\org\apache\maven\maven-jxr\3.3.0\maven-jxr-3.3.0.jar;C:\Users\User\.m2\repository\org\apache\maven\wagon\wagon-provider-api\2.8\wagon-provider-api-2.8.jar;C:\Users\User\.m2\repository\org\codehaus\plexus\plexus-java\1.1.1\plexus-java-1.1.1.jar;C:\Users\User\.m2\repository\org\ow2\asm\asm\9.2\asm-9.2.jar;C:\Users\User\.m2\repository\com\thoughtworks\qdox\qdox\2.0.1\qdox-2.0.1.jar;C:\Users\User\.m2\repository\org\junit\jupiter\junit-jupiter-api\5.10.0-M1\junit-jupiter-api-5.10.0-M1.jar;C:\Users\User\.m2\repository\org\opentest4j\opentest4j\1.2.0\opentest4j-1.2.0.jar;C:\Users\User\.m2\repository\org\junit\platform\junit-platform-commons\1.10.0-M1\junit-platform-commons-1.10.0-M1.jar;C:\Users\User\.m2\repository\org\apiguardian\apiguardian-api\1.1.2\apiguardian-api-1.1.2.jar;C:\Users\User\.m2\repository\junit\junit\4.13.2\junit-4.13.2.jar;C:\Users\User\.m2\repository\org\junit\jupiter\junit-jupiter-engine\5.8.0-M1\junit-jupiter-engine-5.8.0-M1.jar;C:\Users\User\.m2\repository\org\junit\platform\junit-platform-engine\1.8.0-M1\junit-platform-engine-1.8.0-M1.jar;C:\Users\User\.m2\repository\org\jetbrains\kotlin\kotlin-stdlib-jdk8\1.4.20\kotlin-stdlib-jdk8-1.4.20.jar;C:\Users\User\.m2\repository\org\jetbrains\kotlin\kotlin-stdlib\1.4.20\kotlin-stdlib-1.4.20.jar;C:\Users\User\.m2\repository\org\jetbrains\kotlin\kotlin-stdlib-common\1.4.20\kotlin-stdlib-common-1.4.20.jar;C:\Users\User\.m2\repository\org\jetbrains\annotations\13.0\annotations-13.0.jar;C:\Users\User\.m2\repository\org\jetbrains\kotlin\kotlin-stdlib-jdk7\1.4.20\kotlin-stdlib-jdk7-1.4.20.jar;C:\Users\User\.m2\repository\com\aventstack\extentreports\5.0.8\extentreports-5.0.8.jar;C:\Users\User\.m2\repository\io\reactivex\rxjava3\rxjava\3.0.4\rxjava-3.0.4.jar;C:\Users\User\.m2\repository\org\reactivestreams\reactive-streams\1.0.3\reactive-streams-1.0.3.jar;C:\Users\User\.m2\repository\org\freemarker\freemarker\2.3.30\freemarker-2.3.30.jar;C:\Users\User\.m2\repository\org\seleniumhq\selenium\selenium-java\4.9.1\selenium-java-4.9.1.jar;C:\Users\User\.m2\repository\org\seleniumhq\selenium\selenium-api\4.9.1\selenium-api-4.9.1.jar;C:\Users\User\.m2\repository\org\seleniumhq\selenium\selenium-devtools-v111\4.9.1\selenium-devtools-v111-4.9.1.jar;C:\Users\User\.m2\repository\org\seleniumhq\selenium\selenium-devtools-v112\4.9.1\selenium-devtools-v112-4.9.1.jar;C:\Users\User\.m2\repository\org\seleniumhq\selenium\selenium-devtools-v113\4.9.1\selenium-devtools-v113-4.9.1.jar;C:\Users\User\.m2\repository\org\seleniumhq\selenium\selenium-devtools-v85\4.9.1\selenium-devtools-v85-4.9.1.jar;C:\Users\User\.m2\repository\org\seleniumhq\selenium\selenium-edge-driver\4.9.1\selenium-edge-driver-4.9.1.jar;C:\Users\User\.m2\repository\org\seleniumhq\selenium\selenium-firefox-driver\4.9.1\selenium-firefox-driver-4.9.1.jar;C:\Users\User\.m2\repository\org\seleniumhq\selenium\selenium-ie-driver\4.9.1\selenium-ie-driver-4.9.1.jar;C:\Users\User\.m2\repository\org\seleniumhq\selenium\selenium-safari-driver\4.9.1\selenium-safari-driver-4.9.1.jar;C:\Users\User\.m2\repository\org\seleniumhq\selenium\selenium-support\4.9.1\selenium-support-4.9.1.jar;C:\Users\User\.m2\repository\org\seleniumhq\selenium\selenium-remote-driver\4.9.1\selenium-remote-driver-4.9.1.jar;C:\Users\User\.m2\repository\com\beust\jcommander\1.82\jcommander-1.82.jar;C:\Users\User\.m2\repository\com\google\auto\service\auto-service-annotations\1.0.1\auto-service-annotations-1.0.1.jar;C:\Users\User\.m2\repository\com\google\auto\service\auto-service\1.0.1\auto-service-1.0.1.jar;C:\Users\User\.m2\repository\com\google\auto\auto-common\1.2\auto-common-1.2.jar;C:\Users\User\.m2\repository\com\google\guava\guava\31.1-jre\guava-31.1-jre.jar;C:\Users\User\.m2\repository\com\google\guava\listenablefuture\9999.0-empty-to-avoid-conflict-with-guava\listenablefuture-9999.0-empty-to-avoid-conflict-with-guava.jar;C:\Users\User\.m2\repository\org\checkerframework\checker-qual\3.12.0\checker-qual-3.12.0.jar;C:\Users\User\.m2\repository\com\google\errorprone\error_prone_annotations\2.11.0\error_prone_annotations-2.11.0.jar;C:\Users\User\.m2\repository\com\google\j2objc\j2objc-annotations\1.3\j2objc-annotations-1.3.jar;C:\Users\User\.m2\repository\io\netty\netty-buffer\4.1.91.Final\netty-buffer-4.1.91.Final.jar;C:\Users\User\.m2\repository\io\netty\netty-codec-http\4.1.91.Final\netty-codec-http-4.1.91.Final.jar;C:\Users\User\.m2\repository\io\netty\netty-codec\4.1.91.Final\netty-codec-4.1.91.Final.jar;C:\Users\User\.m2\repository\io\netty\netty-handler\4.1.91.Final\netty-handler-4.1.91.Final.jar;C:\Users\User\.m2\repository\io\netty\netty-common\4.1.91.Final\netty-common-4.1.91.Final.jar;C:\Users\User\.m2\repository\io\netty\netty-transport-classes-epoll\4.1.91.Final\netty-transport-classes-epoll-4.1.91.Final.jar;C:\Users\User\.m2\repository\io\netty\netty-transport-classes-kqueue\4.1.91.Final\netty-transport-classes-kqueue-4.1.91.Final.jar;C:\Users\User\.m2\repository\io\netty\netty-transport-native-epoll\4.1.91.Final\netty-transport-native-epoll-4.1.91.Final.jar;C:\Users\User\.m2\repository\io\netty\netty-transport-native-kqueue\4.1.91.Final\netty-transport-native-kqueue-4.1.91.Final.jar;C:\Users\User\.m2\repository\io\netty\netty-transport-native-unix-common\4.1.91.Final\netty-transport-native-unix-common-4.1.91.Final.jar;C:\Users\User\.m2\repository\io\netty\netty-transport\4.1.91.Final\netty-transport-4.1.91.Final.jar;C:\Users\User\.m2\repository\io\netty\netty-resolver\4.1.91.Final\netty-resolver-4.1.91.Final.jar;C:\Users\User\.m2\repository\io\opentelemetry\opentelemetry-api\1.25.0\opentelemetry-api-1.25.0.jar;C:\Users\User\.m2\repository\io\opentelemetry\opentelemetry-context\1.25.0\opentelemetry-context-1.25.0.jar;C:\Users\User\.m2\repository\io\opentelemetry\opentelemetry-exporter-logging\1.25.0\opentelemetry-exporter-logging-1.25.0.jar;C:\Users\User\.m2\repository\io\opentelemetry\opentelemetry-sdk-metrics\1.25.0\opentelemetry-sdk-metrics-1.25.0.jar;C:\Users\User\.m2\repository\io\opentelemetry\opentelemetry-sdk-logs\1.25.0-alpha\opentelemetry-sdk-logs-1.25.0-alpha.jar;C:\Users\User\.m2\repository\io\opentelemetry\opentelemetry-api-logs\1.25.0-alpha\opentelemetry-api-logs-1.25.0-alpha.jar;C:\Users\User\.m2\repository\io\opentelemetry\opentelemetry-api-events\1.25.0-alpha\opentelemetry-api-events-1.25.0-alpha.jar;C:\Users\User\.m2\repository\io\opentelemetry\opentelemetry-sdk-common\1.25.0\opentelemetry-sdk-common-1.25.0.jar;C:\Users\User\.m2\repository\io\opentelemetry\opentelemetry-sdk-extension-autoconfigure-spi\1.25.0\opentelemetry-sdk-extension-autoconfigure-spi-1.25.0.jar;C:\Users\User\.m2\repository\io\opentelemetry\opentelemetry-sdk-extension-autoconfigure\1.25.0-alpha\opentelemetry-sdk-extension-autoconfigure-1.25.0-alpha.jar;C:\Users\User\.m2\repository\io\opentelemetry\opentelemetry-sdk-trace\1.25.0\opentelemetry-sdk-trace-1.25.0.jar;C:\Users\User\.m2\repository\io\opentelemetry\opentelemetry-sdk\1.25.0\opentelemetry-sdk-1.25.0.jar;C:\Users\User\.m2\repository\io\opentelemetry\opentelemetry-semconv\1.25.0-alpha\opentelemetry-semconv-1.25.0-alpha.jar;C:\Users\User\.m2\repository\io\ous\jtoml\2.0.0\jtoml-2.0.0.jar;C:\Users\User\.m2\repository\net\bytebuddy\byte-buddy\1.14.4\byte-buddy-1.14.4.jar;C:\Users\User\.m2\repository\org\asynchttpclient\async-http-client\2.12.3\async-http-client-2.12.3.jar;C:\Users\User\.m2\repository\org\asynchttpclient\async-http-client-netty-utils\2.12.3\async-http-client-netty-utils-2.12.3.jar;C:\Users\User\.m2\repository\io\netty\netty-codec-socks\4.1.60.Final\netty-codec-socks-4.1.60.Final.jar;C:\Users\User\.m2\repository\io\netty\netty-handler-proxy\4.1.60.Final\netty-handler-proxy-4.1.60.Final.jar;C:\Users\User\.m2\repository\io\netty\netty-transport-native-epoll\4.1.60.Final\netty-transport-native-epoll-4.1.60.Final-linux-x86_64.jar;C:\Users\User\.m2\repository\io\netty\netty-transport-native-kqueue\4.1.60.Final\netty-transport-native-kqueue-4.1.60.Final-osx-x86_64.jar;C:\Users\User\.m2\repository\com\typesafe\netty\netty-reactive-streams\2.0.4\netty-reactive-streams-2.0.4.jar;C:\Users\User\.m2\repository\com\sun\activation\jakarta.activation\1.2.2\jakarta.activation-1.2.2.jar;C:\Users\User\.m2\repository\org\seleniumhq\selenium\selenium-http\4.9.1\selenium-http-4.9.1.jar;C:\Users\User\.m2\repository\dev\failsafe\failsafe\3.3.1\failsafe-3.3.1.jar;C:\Users\User\.m2\repository\org\seleniumhq\selenium\selenium-json\4.9.1\selenium-json-4.9.1.jar;C:\Users\User\.m2\repository\org\seleniumhq\selenium\selenium-manager\4.9.1\selenium-manager-4.9.1.jar;C:\Users\User\.m2\repository\org\seleniumhq\selenium\selenium-chrome-driver\4.9.1\selenium-chrome-driver-4.9.1.jar;C:\Users\User\.m2\repository\org\seleniumhq\selenium\selenium-chromium-driver\4.9.1\selenium-chromium-driver-4.9.1.jar;C:\Users\User\.m2\repository\org\springframework\boot\spring-boot\2.6.0\spring-boot-2.6.0.jar;C:\Users\User\.m2\repository\org\springframework\spring-core\5.3.13\spring-core-5.3.13.jar;C:\Users\User\.m2\repository\org\springframework\spring-jcl\5.3.13\spring-jcl-5.3.13.jar;C:\Users\User\.m2\repository\io\github\bonigarcia\webdrivermanager\5.3.3\webdrivermanager-5.3.3.jar;C:\Users\User\.m2\repository\com\github\docker-java\docker-java\3.3.0\docker-java-3.3.0.jar;C:\Users\User\.m2\repository\com\github\docker-java\docker-java-core\3.3.0\docker-java-core-3.3.0.jar;C:\Users\User\.m2\repository\com\github\docker-java\docker-java-api\3.3.0\docker-java-api-3.3.0.jar;C:\Users\User\.m2\repository\org\bouncycastle\bcpkix-jdk15on\1.64\bcpkix-jdk15on-1.64.jar;C:\Users\User\.m2\repository\org\bouncycastle\bcprov-jdk15on\1.64\bcprov-jdk15on-1.64.jar;C:\Users\User\.m2\repository\com\github\docker-java\docker-java-transport-httpclient5\3.3.0\docker-java-transport-httpclient5-3.3.0.jar;C:\Users\User\.m2\repository\com\github\docker-java\docker-java-transport\3.3.0\docker-java-transport-3.3.0.jar;C:\Users\User\.m2\repository\net\java\dev\jna\jna\5.12.1\jna-5.12.1.jar;C:\Users\User\.m2\repository\org\brotli\dec\0.1.2\dec-0.1.2.jar;C:\Users\User\.m2\repository\org\apache\commons\commons-lang3\3.12.0\commons-lang3-3.12.0.jar;C:\Users\User\.m2\repository\org\apache\httpcomponents\client5\httpclient5\5.2.1\httpclient5-5.2.1.jar;C:\Users\User\.m2\repository\org\apache\httpcomponents\core5\httpcore5\5.2\httpcore5-5.2.jar;C:\Users\User\.m2\repository\org\apache\httpcomponents\core5\httpcore5-h2\5.2\httpcore5-h2-5.2.jar;C:\Users\User\.m2\repository\org\apache\logging\log4j\log4j-core\2.17.0\log4j-core-2.17.0.jar;C:\Users\User\.m2\repository\org\apache\logging\log4j\log4j-api\2.17.0\log4j-api-2.17.0.jar;C:\Users\User\.m2\repository\org\apache\logging\log4j\log4j-slf4j2-impl\2.20.0\log4j-slf4j2-impl-2.20.0.jar;C:\Users\User\.m2\repository\org\slf4j\slf4j-simple\1.7.32\slf4j-simple-1.7.32.jar;C:\Users\User\.m2\repository\org\testng\testng\7.8.0\testng-7.8.0.jar;C:\Users\User\.m2\repository\org\webjars\jquery\3.6.1\jquery-3.6.1.jar;C:\Users\User\.m2\repository\org\apache\poi\poi\5.0.0\poi-5.0.0.jar;C:\Users\User\.m2\repository\org\slf4j\jcl-over-slf4j\1.7.30\jcl-over-slf4j-1.7.30.jar;C:\Users\User\.m2\repository\commons-codec\commons-codec\1.15\commons-codec-1.15.jar;C:\Users\User\.m2\repository\org\apache\commons\commons-collections4\4.4\commons-collections4-4.4.jar;C:\Users\User\.m2\repository\org\apache\commons\commons-math3\3.6.1\commons-math3-3.6.1.jar;C:\Users\User\.m2\repository\com\zaxxer\SparseBitSet\1.2\SparseBitSet-1.2.jar;C:\Users\User\.m2\repository\org\apache\maven\maven-core\3.9.2\maven-core-3.9.2.jar;C:\Users\User\.m2\repository\org\apache\maven\maven-model\3.9.2\maven-model-3.9.2.jar;C:\Users\User\.m2\repository\org\apache\maven\maven-settings\3.9.2\maven-settings-3.9.2.jar;C:\Users\User\.m2\repository\org\apache\maven\maven-settings-builder\3.9.2\maven-settings-builder-3.9.2.jar;C:\Users\User\.m2\repository\org\codehaus\plexus\plexus-sec-dispatcher\2.0\plexus-sec-dispatcher-2.0.jar;C:\Users\User\.m2\repository\org\codehaus\plexus\plexus-cipher\2.0\plexus-cipher-2.0.jar;C:\Users\User\.m2\repository\org\apache\maven\maven-builder-support\3.9.2\maven-builder-support-3.9.2.jar;C:\Users\User\.m2\repository\org\apache\maven\maven-repository-metadata\3.9.2\maven-repository-metadata-3.9.2.jar;C:\Users\User\.m2\repository\org\apache\maven\maven-model-builder\3.9.2\maven-model-builder-3.9.2.jar;C:\Users\User\.m2\repository\org\apache\maven\maven-resolver-provider\3.9.2\maven-resolver-provider-3.9.2.jar;C:\Users\User\.m2\repository\org\apache\maven\resolver\maven-resolver-impl\1.9.10\maven-resolver-impl-1.9.10.jar;C:\Users\User\.m2\repository\org\apache\maven\resolver\maven-resolver-named-locks\1.9.10\maven-resolver-named-locks-1.9.10.jar;C:\Users\User\.m2\repository\org\apache\maven\resolver\maven-resolver-api\1.9.10\maven-resolver-api-1.9.10.jar;C:\Users\User\.m2\repository\org\apache\maven\resolver\maven-resolver-spi\1.9.10\maven-resolver-spi-1.9.10.jar;C:\Users\User\.m2\repository\org\apache\maven\resolver\maven-resolver-util\1.9.10\maven-resolver-util-1.9.10.jar;C:\Users\User\.m2\repository\org\apache\maven\shared\maven-shared-utils\3.3.4\maven-shared-utils-3.3.4.jar;C:\Users\User\.m2\repository\org\eclipse\sisu\org.eclipse.sisu.plexus\0.3.5\org.eclipse.sisu.plexus-0.3.5.jar;C:\Users\User\.m2\repository\javax\annotation\javax.annotation-api\1.2\javax.annotation-api-1.2.jar;C:\Users\User\.m2\repository\org\eclipse\sisu\org.eclipse.sisu.inject\0.3.5\org.eclipse.sisu.inject-0.3.5.jar;C:\Users\User\.m2\repository\com\google\inject\guice\5.1.0\guice-5.1.0.jar;C:\Users\User\.m2\repository\aopalliance\aopalliance\1.0\aopalliance-1.0.jar;C:\Users\User\.m2\repository\com\google\guava\failureaccess\1.0.1\failureaccess-1.0.1.jar;C:\Users\User\.m2\repository\javax\inject\javax.inject\1\javax.inject-1.jar;C:\Users\User\.m2\repository\org\codehaus\plexus\plexus-utils\3.5.1\plexus-utils-3.5.1.jar;C:\Users\User\.m2\repository\org\codehaus\plexus\plexus-classworlds\2.7.0\plexus-classworlds-2.7.0.jar;C:\Users\User\.m2\repository\org\codehaus\plexus\plexus-interpolation\1.26\plexus-interpolation-1.26.jar;C:\Users\User\.m2\repository\org\codehaus\plexus\plexus-component-annotations\2.1.0\plexus-component-annotations-2.1.0.jar;C:\Users\User\.m2\repository\org\apache\maven\maven-artifact\3.9.2\maven-artifact-3.9.2.jar;C:\Users\User\.m2\repository\org\apache\maven\maven-plugin-api\3.9.2\maven-plugin-api-3.9.2.jar;C:\Users\User\.m2\repository\org\apache\maven\plugin-tools\maven-plugin-annotations\3.9.0\maven-plugin-annotations-3.9.0.jar;C:\Users\User\.m2\repository\org\apache\httpcomponents\httpclient\4.5.13\httpclient-4.5.13.jar;C:\Users\User\.m2\repository\org\apache\httpcomponents\httpcore\4.4.13\httpcore-4.4.13.jar;C:\Users\User\.m2\repository\commons-logging\commons-logging\1.2\commons-logging-1.2.jar;C:\Users\User\.m2\repository\org\apache\poi\poi-ooxml\5.1.0\poi-ooxml-5.1.0.jar;C:\Users\User\.m2\repository\org\apache\poi\poi-ooxml-lite\5.1.0\poi-ooxml-lite-5.1.0.jar;C:\Users\User\.m2\repository\org\apache\xmlbeans\xmlbeans\5.0.2\xmlbeans-5.0.2.jar;C:\Users\User\.m2\repository\org\apache\commons\commons-compress\1.21\commons-compress-1.21.jar;C:\Users\User\.m2\repository\com\github\virtuald\curvesapi\1.06\curvesapi-1.06.jar;C:\Users\User\.m2\repository\commons-io\commons-io\2.8.0\commons-io-2.8.0.jar;C:\Users\User\.m2\repository\com\slack\api\slack-api-client\1.30.0\slack-api-client-1.30.0.jar;C:\Users\User\.m2\repository\com\slack\api\slack-api-model\1.30.0\slack-api-model-1.30.0.jar;C:\Users\User\.m2\repository\com\squareup\okhttp3\okhttp\4.11.0\okhttp-4.11.0.jar;C:\Users\User\.m2\repository\com\squareup\okio\okio\3.2.0\okio-3.2.0.jar;C:\Users\User\.m2\repository\com\squareup\okio\okio-jvm\3.2.0\okio-jvm-3.2.0.jar;C:\Users\User\.m2\repository\org\projectlombok\lombok\1.18.20\lombok-1.18.20.jar
Launcher Type: SUN_STANDARD

[Global flags]
     intx CICompilerCount                          = 3                                         {product} {ergonomic}
     uint ConcGCThreads                            = 1                                         {product} {ergonomic}
     uint G1ConcRefinementThreads                  = 4                                         {product} {ergonomic}
   size_t G1HeapRegionSize                         = 2097152                                   {product} {ergonomic}
    uintx GCDrainStackTargetSize                   = 64                                        {product} {ergonomic}
   size_t InitialHeapSize                          = 266338304                                 {product} {ergonomic}
   size_t MarkStackSize                            = 4194304                                   {product} {ergonomic}
   size_t MaxHeapSize                              = 4261412864                                {product} {ergonomic}
   size_t MaxNewSize                               = 2556428288                                {product} {ergonomic}
   size_t MinHeapDeltaBytes                        = 2097152                                   {product} {ergonomic}
   size_t MinHeapSize                              = 8388608                                   {product} {ergonomic}
    uintx NonNMethodCodeHeapSize                   = 5832780                                {pd product} {ergonomic}
    uintx NonProfiledCodeHeapSize                  = 122912730                              {pd product} {ergonomic}
    uintx ProfiledCodeHeapSize                     = 122912730                              {pd product} {ergonomic}
    uintx ReservedCodeCacheSize                    = 251658240                              {pd product} {ergonomic}
     bool SegmentedCodeCache                       = true                                      {product} {ergonomic}
   size_t SoftMaxHeapSize                          = 4261412864                             {manageable} {ergonomic}
     bool UseCompressedClassPointers               = true                           {product lp64_product} {ergonomic}
     bool UseCompressedOops                        = true                           {product lp64_product} {ergonomic}
     bool UseG1GC                                  = true                                      {product} {ergonomic}
     bool UseLargePagesIndividualAllocation        = false                                  {pd product} {ergonomic}

Logging:
Log output configuration:
 #0: stdout all=warning uptime,level,tags foldmultilines=false
 #1: stderr all=off uptime,level,tags foldmultilines=false

Environment Variables:
PATH=C:\Program Files\Common Files\Oracle\Java\javapath;C:\Program Files (x86)\NVIDIA Corporation\PhysX\Common;C:\WINDOWS\system32;C:\WINDOWS;C:\WINDOWS\System32\Wbem;C:\WINDOWS\System32\WindowsPowerShell\v1.0\;C:\WINDOWS\System32\OpenSSH\;C:\Program Files\dotnet\;C:\Program Files\NVIDIA Corporation\NVIDIA NvDLISR;C:\Program Files\PuTTY\;E:\Autotests\allure-2.24.0\bin;E:\Autotests\allure-2.23.0\bin;C:\Users\User\AppData\Local\Microsoft\WindowsApps;E:\Autotests\allure-2.24.0\bin;E:\Autotests\allure-2.23.0\bin;
USERNAME=User
OS=Windows_NT
PROCESSOR_IDENTIFIER=Intel64 Family 6 Model 94 Stepping 3, GenuineIntel
TMP=C:\Users\User\AppData\Local\Temp
TEMP=C:\Users\User\AppData\Local\Temp




---------------  S Y S T E M  ---------------

OS:
 Windows 10 , 64 bit Build 19041 (10.0.19041.3393)
OS uptime: 4 days 1:15 hours

CPU: total 4 (initial active 4) (4 cores per cpu, 1 threads per core) family 6 model 94 stepping 3 microcode 0xcc, cx8, cmov, fxsr, mmx, 3dnowpref, sse, sse2, sse3, ssse3, sse4.1, sse4.2, popcnt, lzcnt, tsc, tscinvbit, avx, avx2, aes, erms, clmul, bmi1, bmi2, rtm, adx, fma, vzeroupper, clflush, clflushopt, rdtscp, f16c

Memory: 4k page, system-wide physical 16249M (2952M free)
TotalPageFile size 23983M (AvailPageFile size 13M)
current process WorkingSet (physical memory assigned to process): 286M, peak: 304M
current process commit charge ("private bytes"): 321M, peak: 407M

vm_info: Java HotSpot(TM) 64-Bit Server VM (20.0.2+9-78) for windows-amd64 JRE (20.0.2+9-78), built on 2023-06-14T10:08:48Z by "mach5one" with MS VC++ 17.1 (VS2022)

END.
